This is pdfTeX, Version 3.1415926-2.3-1.40.12 (MiKTeX 2.9) (preloaded format=pdflatex 2013.6.17)  12 JAN 2014 21:46
entering extended mode
**pres2.tex

("C:\Users\PKY\SkyDrive\Sharda University\Proposal\Workshop\WS Presentation\Pre
sentation 2\pres2.tex"
LaTeX2e <2011/06/27>
Babel <v3.8m> and hyphenation patterns for english, afrikaans, ancientgreek, ar
abic, armenian, assamese, basque, bengali, bokmal, bulgarian, catalan, coptic, 
croatian, czech, danish, dutch, esperanto, estonian, farsi, finnish, french, ga
lician, german, german-x-2009-06-19, greek, gujarati, hindi, hungarian, iceland
ic, indonesian, interlingua, irish, italian, kannada, kurmanji, lao, latin, lat
vian, lithuanian, malayalam, marathi, mongolian, mongolianlmc, monogreek, ngerm
an, ngerman-x-2009-06-19, nynorsk, oriya, panjabi, pinyin, polish, portuguese, 
romanian, russian, sanskrit, serbian, slovak, slovenian, spanish, swedish, swis
sgerman, tamil, telugu, turkish, turkmen, ukenglish, ukrainian, uppersorbian, u
senglishmax, welsh, loaded.
("C:\Program Files\MiKTeX 2.9\tex\latex\beamer\base\beamer.cls"
("C:\Program Files\MiKTeX 2.9\tex\latex\beamer\base\beamerbasercs.sty"
Package: beamerbasercs 2012/05/13 (rcs-revision dbbb17cd1fba)
)
Document Class: beamer 2011/09/12 development version 3.19 A class for typesett
ing presentations (rcs-revision 70f9d8411e54)
("C:\Program Files\MiKTeX 2.9\tex\latex\beamer\base\beamerbasemodes.sty"
Package: beamerbasemodes 2012/04/15 (rcs-revision cc6557182d97)
\beamer@tempbox=\box26
\beamer@tempcount=\count79
\c@beamerpauses=\count80

("C:\Program Files\MiKTeX 2.9\tex\latex\beamer\base\beamerbasedecode.sty"
Package: beamerbasedecode 2010/05/01 (rcs-revision efa082c6111d)
\beamer@slideinframe=\count81
\beamer@minimum=\count82
)
\beamer@commentbox=\box27
\beamer@modecount=\count83
)
("C:\Program Files\MiKTeX 2.9\tex\generic\oberdiek\ifpdf.sty"
Package: ifpdf 2011/01/30 v2.3 Provides the ifpdf switch (HO)
Package ifpdf Info: pdfTeX in PDF mode is detected.
)
\headheight=\dimen102
\headdp=\dimen103
\footheight=\dimen104
\sidebarheight=\dimen105
\beamer@tempdim=\dimen106
\beamer@finalheight=\dimen107
\beamer@animht=\dimen108
\beamer@animdp=\dimen109
\beamer@animwd=\dimen110
\beamer@leftmargin=\dimen111
\beamer@rightmargin=\dimen112
\beamer@leftsidebar=\dimen113
\beamer@rightsidebar=\dimen114
\beamer@boxsize=\dimen115
\beamer@vboxoffset=\dimen116
\beamer@descdefault=\dimen117
\beamer@descriptionwidth=\dimen118
\beamer@lastskip=\skip41
\beamer@areabox=\box28
\beamer@animcurrent=\box29
\beamer@animshowbox=\box30
\beamer@sectionbox=\box31
\beamer@logobox=\box32
\beamer@linebox=\box33
\beamer@sectioncount=\count84
\beamer@subsubsectionmax=\count85
\beamer@subsectionmax=\count86
\beamer@sectionmax=\count87
\beamer@totalheads=\count88
\beamer@headcounter=\count89
\beamer@partstartpage=\count90
\beamer@sectionstartpage=\count91
\beamer@subsectionstartpage=\count92
\beamer@animationtempa=\count93
\beamer@animationtempb=\count94
\beamer@xpos=\count95
\beamer@ypos=\count96
\beamer@showpartnumber=\count97
\beamer@currentsubsection=\count98
\beamer@coveringdepth=\count99
\beamer@sectionadjust=\count100
\beamer@tocsectionnumber=\count101

("C:\Program Files\MiKTeX 2.9\tex\latex\beamer\base\beamerbaseoptions.sty"
Package: beamerbaseoptions 2010/04/27 (rcs-revision 982469101dd6)

("C:\Program Files\MiKTeX 2.9\tex\latex\graphics\keyval.sty"
Package: keyval 1999/03/16 v1.13 key=value parser (DPC)
\KV@toks@=\toks14
))
\beamer@paperwidth=\skip42
\beamer@paperheight=\skip43

("C:\Program Files\MiKTeX 2.9\tex\latex\geometry\geometry.sty"
Package: geometry 2010/09/12 v5.6 Page Geometry

("C:\Program Files\MiKTeX 2.9\tex\generic\oberdiek\ifvtex.sty"
Package: ifvtex 2010/03/01 v1.5 Detect VTeX and its facilities (HO)
Package ifvtex Info: VTeX not detected.
)
("C:\Program Files\MiKTeX 2.9\tex\generic\ifxetex\ifxetex.sty"
Package: ifxetex 2010/09/12 v0.6 Provides ifxetex conditional
)
\Gm@cnth=\count102
\Gm@cntv=\count103
\c@Gm@tempcnt=\count104
\Gm@bindingoffset=\dimen119
\Gm@wd@mp=\dimen120
\Gm@odd@mp=\dimen121
\Gm@even@mp=\dimen122
\Gm@layoutwidth=\dimen123
\Gm@layoutheight=\dimen124
\Gm@layouthoffset=\dimen125
\Gm@layoutvoffset=\dimen126
\Gm@dimlist=\toks15

("C:\Program Files\MiKTeX 2.9\tex\latex\geometry\geometry.cfg"))
("C:\Program Files\MiKTeX 2.9\tex\latex\base\size11.clo"
File: size11.clo 2007/10/19 v1.4h Standard LaTeX file (size option)
)
("C:\Program Files\MiKTeX 2.9\tex\latex\pgf\basiclayer\pgfcore.sty"
("C:\Program Files\MiKTeX 2.9\tex\latex\graphics\graphicx.sty"
Package: graphicx 1999/02/16 v1.0f Enhanced LaTeX Graphics (DPC,SPQR)

("C:\Program Files\MiKTeX 2.9\tex\latex\graphics\graphics.sty"
Package: graphics 2009/02/05 v1.0o Standard LaTeX Graphics (DPC,SPQR)

("C:\Program Files\MiKTeX 2.9\tex\latex\graphics\trig.sty"
Package: trig 1999/03/16 v1.09 sin cos tan (DPC)
)
("C:\Program Files\MiKTeX 2.9\tex\latex\00miktex\graphics.cfg"
File: graphics.cfg 2007/01/18 v1.5 graphics configuration of teTeX/TeXLive
)
Package graphics Info: Driver file: pdftex.def on input line 91.

("C:\Program Files\MiKTeX 2.9\tex\latex\pdftex-def\pdftex.def"
File: pdftex.def 2011/05/27 v0.06d Graphics/color for pdfTeX

("C:\Program Files\MiKTeX 2.9\tex\generic\oberdiek\infwarerr.sty"
Package: infwarerr 2010/04/08 v1.3 Providing info/warning/error messages (HO)
)
("C:\Program Files\MiKTeX 2.9\tex\generic\oberdiek\ltxcmds.sty"
Package: ltxcmds 2011/11/09 v1.22 LaTeX kernel commands for general use (HO)
)
\Gread@gobject=\count105
))
\Gin@req@height=\dimen127
\Gin@req@width=\dimen128
)
("C:\Program Files\MiKTeX 2.9\tex\latex\pgf\systemlayer\pgfsys.sty"
("C:\Program Files\MiKTeX 2.9\tex\latex\pgf\utilities\pgfrcs.sty"
("C:\Program Files\MiKTeX 2.9\tex\generic\pgf\utilities\pgfutil-common.tex"
\pgfutil@everybye=\toks16
)
("C:\Program Files\MiKTeX 2.9\tex\generic\pgf\utilities\pgfutil-latex.def"
\pgfutil@abb=\box34

("C:\Program Files\MiKTeX 2.9\tex\latex\ms\everyshi.sty"
Package: everyshi 2001/05/15 v3.00 EveryShipout Package (MS)
))
("C:\Program Files\MiKTeX 2.9\tex\generic\pgf\utilities\pgfrcs.code.tex"
Package: pgfrcs 2010/10/25 v2.10 (rcs-revision 1.24)
))
("C:\Program Files\MiKTeX 2.9\tex\generic\pgf\systemlayer\pgfsys.code.tex"
Package: pgfsys 2010/06/30 v2.10 (rcs-revision 1.37)

("C:\Program Files\MiKTeX 2.9\tex\generic\pgf\utilities\pgfkeys.code.tex"
\pgfkeys@pathtoks=\toks17
\pgfkeys@temptoks=\toks18

("C:\Program Files\MiKTeX 2.9\tex\generic\pgf\utilities\pgfkeysfiltered.code.te
x"
\pgfkeys@tmptoks=\toks19
))
\pgf@x=\dimen129
\pgf@y=\dimen130
\pgf@xa=\dimen131
\pgf@ya=\dimen132
\pgf@xb=\dimen133
\pgf@yb=\dimen134
\pgf@xc=\dimen135
\pgf@yc=\dimen136
\w@pgf@writea=\write3
\r@pgf@reada=\read1
\c@pgf@counta=\count106
\c@pgf@countb=\count107
\c@pgf@countc=\count108
\c@pgf@countd=\count109
 ("C:\Program Files\MiKTeX 2.9\tex\generic\pgf\systemlayer\pgf.cfg"
File: pgf.cfg 2008/05/14  (rcs-revision 1.7)
)
Package pgfsys Info: Driver file for pgf: pgfsys-pdftex.def on input line 900.

("C:\Program Files\MiKTeX 2.9\tex\generic\pgf\systemlayer\pgfsys-pdftex.def"
File: pgfsys-pdftex.def 2009/05/22  (rcs-revision 1.26)

("C:\Program Files\MiKTeX 2.9\tex\generic\pgf\systemlayer\pgfsys-common-pdf.def
"
File: pgfsys-common-pdf.def 2008/05/19  (rcs-revision 1.10)
)))
("C:\Program Files\MiKTeX 2.9\tex\generic\pgf\systemlayer\pgfsyssoftpath.code.t
ex"
File: pgfsyssoftpath.code.tex 2008/07/18  (rcs-revision 1.7)
\pgfsyssoftpath@smallbuffer@items=\count110
\pgfsyssoftpath@bigbuffer@items=\count111
)
("C:\Program Files\MiKTeX 2.9\tex\generic\pgf\systemlayer\pgfsysprotocol.code.t
ex"
File: pgfsysprotocol.code.tex 2006/10/16  (rcs-revision 1.4)
)) ("C:\Program Files\MiKTeX 2.9\tex\latex\xcolor\xcolor.sty"
Package: xcolor 2007/01/21 v2.11 LaTeX color extensions (UK)

("C:\Program Files\MiKTeX 2.9\tex\latex\00miktex\color.cfg"
File: color.cfg 2007/01/18 v1.5 color configuration of teTeX/TeXLive
)
Package xcolor Info: Driver file: pdftex.def on input line 225.
Package xcolor Info: Model `cmy' substituted by `cmy0' on input line 1337.
Package xcolor Info: Model `hsb' substituted by `rgb' on input line 1341.
Package xcolor Info: Model `RGB' extended on input line 1353.
Package xcolor Info: Model `HTML' substituted by `rgb' on input line 1355.
Package xcolor Info: Model `Hsb' substituted by `hsb' on input line 1356.
Package xcolor Info: Model `tHsb' substituted by `hsb' on input line 1357.
Package xcolor Info: Model `HSB' substituted by `hsb' on input line 1358.
Package xcolor Info: Model `Gray' substituted by `gray' on input line 1359.
Package xcolor Info: Model `wave' substituted by `hsb' on input line 1360.

("C:\Program Files\MiKTeX 2.9\tex\latex\graphics\dvipsnam.def"
File: dvipsnam.def 1999/02/16 v3.0i Driver-dependant file (DPC,SPQR)
))
("C:\Program Files\MiKTeX 2.9\tex\generic\pgf\basiclayer\pgfcore.code.tex"
Package: pgfcore 2010/04/11 v2.10 (rcs-revision 1.7)

("C:\Program Files\MiKTeX 2.9\tex\generic\pgf\math\pgfmath.code.tex"
("C:\Program Files\MiKTeX 2.9\tex\generic\pgf\math\pgfmathcalc.code.tex"
("C:\Program Files\MiKTeX 2.9\tex\generic\pgf\math\pgfmathutil.code.tex")
("C:\Program Files\MiKTeX 2.9\tex\generic\pgf\math\pgfmathparser.code.tex"
\pgfmath@dimen=\dimen137
\pgfmath@count=\count112
\pgfmath@box=\box35
\pgfmath@toks=\toks20
\pgfmath@stack@operand=\toks21
\pgfmath@stack@operation=\toks22
)
("C:\Program Files\MiKTeX 2.9\tex\generic\pgf\math\pgfmathfunctions.code.tex"
("C:\Program Files\MiKTeX 2.9\tex\generic\pgf\math\pgfmathfunctions.basic.code.
tex")
("C:\Program Files\MiKTeX 2.9\tex\generic\pgf\math\pgfmathfunctions.trigonometr
ic.code.tex")
("C:\Program Files\MiKTeX 2.9\tex\generic\pgf\math\pgfmathfunctions.random.code
.tex")
("C:\Program Files\MiKTeX 2.9\tex\generic\pgf\math\pgfmathfunctions.comparison.
code.tex")
("C:\Program Files\MiKTeX 2.9\tex\generic\pgf\math\pgfmathfunctions.base.code.t
ex")
("C:\Program Files\MiKTeX 2.9\tex\generic\pgf\math\pgfmathfunctions.round.code.
tex")
("C:\Program Files\MiKTeX 2.9\tex\generic\pgf\math\pgfmathfunctions.misc.code.t
ex"))) ("C:\Program Files\MiKTeX 2.9\tex\generic\pgf\math\pgfmathfloat.code.tex
"
\c@pgfmathroundto@lastzeros=\count113
))
("C:\Program Files\MiKTeX 2.9\tex\generic\pgf\basiclayer\pgfcorepoints.code.tex
"
File: pgfcorepoints.code.tex 2010/04/09  (rcs-revision 1.20)
\pgf@picminx=\dimen138
\pgf@picmaxx=\dimen139
\pgf@picminy=\dimen140
\pgf@picmaxy=\dimen141
\pgf@pathminx=\dimen142
\pgf@pathmaxx=\dimen143
\pgf@pathminy=\dimen144
\pgf@pathmaxy=\dimen145
\pgf@xx=\dimen146
\pgf@xy=\dimen147
\pgf@yx=\dimen148
\pgf@yy=\dimen149
\pgf@zx=\dimen150
\pgf@zy=\dimen151
)
("C:\Program Files\MiKTeX 2.9\tex\generic\pgf\basiclayer\pgfcorepathconstruct.c
ode.tex"
File: pgfcorepathconstruct.code.tex 2010/08/03  (rcs-revision 1.24)
\pgf@path@lastx=\dimen152
\pgf@path@lasty=\dimen153
)
("C:\Program Files\MiKTeX 2.9\tex\generic\pgf\basiclayer\pgfcorepathusage.code.
tex"
File: pgfcorepathusage.code.tex 2008/04/22  (rcs-revision 1.12)
\pgf@shorten@end@additional=\dimen154
\pgf@shorten@start@additional=\dimen155
)
("C:\Program Files\MiKTeX 2.9\tex\generic\pgf\basiclayer\pgfcorescopes.code.tex
"
File: pgfcorescopes.code.tex 2010/09/08  (rcs-revision 1.34)
\pgfpic=\box36
\pgf@hbox=\box37
\pgf@layerbox@main=\box38
\pgf@picture@serial@count=\count114
)
("C:\Program Files\MiKTeX 2.9\tex\generic\pgf\basiclayer\pgfcoregraphicstate.co
de.tex"
File: pgfcoregraphicstate.code.tex 2008/04/22  (rcs-revision 1.9)
\pgflinewidth=\dimen156
)
("C:\Program Files\MiKTeX 2.9\tex\generic\pgf\basiclayer\pgfcoretransformations
.code.tex"
File: pgfcoretransformations.code.tex 2009/06/10  (rcs-revision 1.11)
\pgf@pt@x=\dimen157
\pgf@pt@y=\dimen158
\pgf@pt@temp=\dimen159
)
("C:\Program Files\MiKTeX 2.9\tex\generic\pgf\basiclayer\pgfcorequick.code.tex"
File: pgfcorequick.code.tex 2008/10/09  (rcs-revision 1.3)
)
("C:\Program Files\MiKTeX 2.9\tex\generic\pgf\basiclayer\pgfcoreobjects.code.te
x"
File: pgfcoreobjects.code.tex 2006/10/11  (rcs-revision 1.2)
)
("C:\Program Files\MiKTeX 2.9\tex\generic\pgf\basiclayer\pgfcorepathprocessing.
code.tex"
File: pgfcorepathprocessing.code.tex 2008/10/09  (rcs-revision 1.8)
)
("C:\Program Files\MiKTeX 2.9\tex\generic\pgf\basiclayer\pgfcorearrows.code.tex
"
File: pgfcorearrows.code.tex 2008/04/23  (rcs-revision 1.11)
)
("C:\Program Files\MiKTeX 2.9\tex\generic\pgf\basiclayer\pgfcoreshade.code.tex"
File: pgfcoreshade.code.tex 2008/11/23  (rcs-revision 1.13)
\pgf@max=\dimen160
\pgf@sys@shading@range@num=\count115
) ("C:\Program Files\MiKTeX 2.9\tex\generic\pgf\basiclayer\pgfcoreimage.code.te
x"
File: pgfcoreimage.code.tex 2010/03/25  (rcs-revision 1.16)

("C:\Program Files\MiKTeX 2.9\tex\generic\pgf\basiclayer\pgfcoreexternal.code.t
ex"
File: pgfcoreexternal.code.tex 2010/09/01  (rcs-revision 1.17)
\pgfexternal@startupbox=\box39
))
("C:\Program Files\MiKTeX 2.9\tex\generic\pgf\basiclayer\pgfcorelayers.code.tex
"
File: pgfcorelayers.code.tex 2010/08/27  (rcs-revision 1.2)
)
("C:\Program Files\MiKTeX 2.9\tex\generic\pgf\basiclayer\pgfcoretransparency.co
de.tex"
File: pgfcoretransparency.code.tex 2008/01/17  (rcs-revision 1.2)
)
("C:\Program Files\MiKTeX 2.9\tex\generic\pgf\basiclayer\pgfcorepatterns.code.t
ex"
File: pgfcorepatterns.code.tex 2009/07/02  (rcs-revision 1.3)
))) ("C:\Program Files\MiKTeX 2.9\tex\latex\pgf\utilities\xxcolor.sty"
Package: xxcolor 2003/10/24 ver 0.1
\XC@nummixins=\count116
\XC@countmixins=\count117
)
("C:\Program Files\MiKTeX 2.9\tex\latex\hyperref\hyperref.sty"
Package: hyperref 2012/05/13 v6.82q Hypertext links for LaTeX

("C:\Program Files\MiKTeX 2.9\tex\generic\oberdiek\hobsub-hyperref.sty"
Package: hobsub-hyperref 2012/04/25 v1.12 Bundle oberdiek, subset hyperref (HO)


("C:\Program Files\MiKTeX 2.9\tex\generic\oberdiek\hobsub-generic.sty"
Package: hobsub-generic 2012/04/25 v1.12 Bundle oberdiek, subset generic (HO)
Package: hobsub 2012/04/25 v1.12 Construct package bundles (HO)
Package hobsub Info: Skipping package `infwarerr' (already loaded).
Package hobsub Info: Skipping package `ltxcmds' (already loaded).
Package: ifluatex 2010/03/01 v1.3 Provides the ifluatex switch (HO)
Package ifluatex Info: LuaTeX not detected.
Package hobsub Info: Skipping package `ifvtex' (already loaded).
Package: intcalc 2007/09/27 v1.1 Expandable calculations with integers (HO)
Package hobsub Info: Skipping package `ifpdf' (already loaded).
Package: etexcmds 2011/02/16 v1.5 Avoid name clashes with e-TeX commands (HO)
Package etexcmds Info: Could not find \expanded.
(etexcmds)             That can mean that you are not using pdfTeX 1.50 or
(etexcmds)             that some package has redefined \expanded.
(etexcmds)             In the latter case, load this package earlier.
Package: kvsetkeys 2012/04/25 v1.16 Key value parser (HO)
Package: kvdefinekeys 2011/04/07 v1.3 Define keys (HO)
Package: pdftexcmds 2011/11/29 v0.20 Utility functions of pdfTeX for LuaTeX (HO
)
Package pdftexcmds Info: LuaTeX not detected.
Package pdftexcmds Info: \pdf@primitive is available.
Package pdftexcmds Info: \pdf@ifprimitive is available.
Package pdftexcmds Info: \pdfdraftmode found.
Package: pdfescape 2011/11/25 v1.13 Implements pdfTeX's escape features (HO)
Package: bigintcalc 2012/04/08 v1.3 Expandable calculations on big integers (HO
)
Package: bitset 2011/01/30 v1.1 Handle bit-vector datatype (HO)
Package: uniquecounter 2011/01/30 v1.2 Provide unlimited unique counter (HO)
)
Package hobsub Info: Skipping package `hobsub' (already loaded).
Package: letltxmacro 2010/09/02 v1.4 Let assignment for LaTeX macros (HO)
Package: hopatch 2011/06/24 v1.1 Wrapper for package hooks (HO)
Package: xcolor-patch 2011/01/30 xcolor patch
Package: atveryend 2011/06/30 v1.8 Hooks at the very end of document (HO)
Package atveryend Info: \enddocument detected (standard20110627).
Package: atbegshi 2011/10/05 v1.16 At begin shipout hook (HO)
Package: refcount 2011/10/16 v3.4 Data extraction from label references (HO)
Package: hycolor 2011/01/30 v1.7 Color options for hyperref/bookmark (HO)
)
("C:\Program Files\MiKTeX 2.9\tex\latex\oberdiek\kvoptions.sty"
Package: kvoptions 2011/06/30 v3.11 Key value format for package options (HO)
)
\@linkdim=\dimen161
\Hy@linkcounter=\count118
\Hy@pagecounter=\count119

("C:\Program Files\MiKTeX 2.9\tex\latex\hyperref\pd1enc.def"
File: pd1enc.def 2012/05/13 v6.82q Hyperref: PDFDocEncoding definition (HO)
)
\Hy@SavedSpaceFactor=\count120

("C:\Program Files\MiKTeX 2.9\tex\latex\00miktex\hyperref.cfg"
File: hyperref.cfg 2002/06/06 v1.2 hyperref configuration of TeXLive
)
Package hyperref Info: Option `bookmarks' set `true' on input line 3941.
Package hyperref Info: Option `bookmarksopen' set `true' on input line 3941.
Package hyperref Info: Option `implicit' set `false' on input line 3941.
Package hyperref Info: Hyper figures OFF on input line 4062.
Package hyperref Info: Link nesting OFF on input line 4067.
Package hyperref Info: Hyper index ON on input line 4070.
Package hyperref Info: Plain pages OFF on input line 4077.
Package hyperref Info: Backreferencing OFF on input line 4082.
Package hyperref Info: Implicit mode OFF; no redefinition of LaTeX internals.
Package hyperref Info: Bookmarks ON on input line 4300.
\c@Hy@tempcnt=\count121

("C:\Program Files\MiKTeX 2.9\tex\latex\ltxmisc\url.sty"
\Urlmuskip=\muskip10
Package: url 2006/04/12  ver 3.3  Verb mode for urls, etc.
)
LaTeX Info: Redefining \url on input line 4653.
\Fld@menulength=\count122
\Field@Width=\dimen162
\Fld@charsize=\dimen163
Package hyperref Info: Hyper figures OFF on input line 5773.
Package hyperref Info: Link nesting OFF on input line 5778.
Package hyperref Info: Hyper index ON on input line 5781.
Package hyperref Info: backreferencing OFF on input line 5788.
Package hyperref Info: Link coloring OFF on input line 5793.
Package hyperref Info: Link coloring with OCG OFF on input line 5798.
Package hyperref Info: PDF/A mode OFF on input line 5803.
LaTeX Info: Redefining \ref on input line 5843.
LaTeX Info: Redefining \pageref on input line 5847.
\Hy@abspage=\count123


Package hyperref Message: Stopped early.

)

Package hyperref Message: Driver (autodetected): hpdftex.

("C:\Program Files\MiKTeX 2.9\tex\latex\hyperref\hpdftex.def"
File: hpdftex.def 2012/05/13 v6.82q Hyperref driver for pdfTeX
\Fld@listcount=\count124
\c@bookmark@seq@number=\count125

("C:\Program Files\MiKTeX 2.9\tex\latex\oberdiek\rerunfilecheck.sty"
Package: rerunfilecheck 2011/04/15 v1.7 Rerun checks for auxiliary files (HO)
Package uniquecounter Info: New unique counter `rerunfilecheck' on input line 2
82.
))
("C:\Program Files\MiKTeX 2.9\tex\latex\beamer\base\beamerbaserequires.sty"
Package: beamerbaserequires 2010/05/01  (rcs-revision efa082c6111d)

("C:\Program Files\MiKTeX 2.9\tex\latex\beamer\base\beamerbasecompatibility.sty
"
Package: beamerbasecompatibility 2012/05/01  (rcs-revision 67c48b3b652d)
) ("C:\Program Files\MiKTeX 2.9\tex\latex\beamer\base\beamerbasefont.sty"
Package: beamerbasefont 2012/05/10  (rcs-revision a0b4f9f91ee9)

("C:\Program Files\MiKTeX 2.9\tex\latex\amsfonts\amssymb.sty"
Package: amssymb 2009/06/22 v3.00

("C:\Program Files\MiKTeX 2.9\tex\latex\amsfonts\amsfonts.sty"
Package: amsfonts 2009/06/22 v3.00 Basic AMSFonts support
\@emptytoks=\toks23
\symAMSa=\mathgroup4
\symAMSb=\mathgroup5
LaTeX Font Info:    Overwriting math alphabet `\mathfrak' in version `bold'
(Font)                  U/euf/m/n --> U/euf/b/n on input line 96.
))
("C:\Program Files\MiKTeX 2.9\tex\latex\sansmathaccent\sansmathaccent.sty"
Package: sansmathaccent 2012/04/26
))
("C:\Program Files\MiKTeX 2.9\tex\latex\beamer\base\beamerbasetranslator.sty"
Package: beamerbasetranslator 2010/06/11  (rcs-revision 85fd1cc7fc42)

("C:\Program Files\MiKTeX 2.9\tex\latex\beamer\base\translator\translator.sty"
Package: translator 2010/06/12 ver 1.10

("C:\Program Files\MiKTeX 2.9\tex\latex\beamer\base\translator\translator-langu
age-mappings.tex")))
("C:\Program Files\MiKTeX 2.9\tex\latex\beamer\base\beamerbasemisc.sty"
Package: beamerbasemisc 2012/02/24  (rcs-revision 2ff5461be705)
)
("C:\Program Files\MiKTeX 2.9\tex\latex\beamer\base\beamerbasetwoscreens.sty"
Package: beamerbasetwoscreens 2010/05/01  (rcs-revision efa082c6111d)
)
("C:\Program Files\MiKTeX 2.9\tex\latex\beamer\base\beamerbaseoverlay.sty"
Package: beamerbaseoverlay 2012/04/03  (rcs-revision 45744d9ae88b)
\beamer@argscount=\count126
\beamer@lastskipcover=\skip44
\beamer@trivlistdepth=\count127
)
("C:\Program Files\MiKTeX 2.9\tex\latex\beamer\base\beamerbasetitle.sty"
Package: beamerbasetitle 2010/09/21  (rcs-revision f0446ed0b6ae)
)
("C:\Program Files\MiKTeX 2.9\tex\latex\beamer\base\beamerbasesection.sty"
Package: beamerbasesection 2012/02/22  (rcs-revision 9a2581f9efb6)
\c@lecture=\count128
\c@part=\count129
\c@section=\count130
\c@subsection=\count131
\c@subsubsection=\count132
)
("C:\Program Files\MiKTeX 2.9\tex\latex\beamer\base\beamerbaseframe.sty"
Package: beamerbaseframe 2011/09/12  (rcs-revision 70f9d8411e54)
\beamer@framebox=\box40
\beamer@frametitlebox=\box41
\beamer@zoombox=\box42
\beamer@zoomcount=\count133
\beamer@zoomframecount=\count134
\beamer@frametextheight=\dimen164
\c@subsectionslide=\count135
\beamer@frametopskip=\skip45
\beamer@framebottomskip=\skip46
\beamer@frametopskipautobreak=\skip47
\beamer@framebottomskipautobreak=\skip48
\beamer@envbody=\toks24
\c@framenumber=\count136
)
("C:\Program Files\MiKTeX 2.9\tex\latex\beamer\base\beamerbaseverbatim.sty"
Package: beamerbaseverbatim 2011/09/12  (rcs-revision 70f9d8411e54)
\beamer@verbatimfileout=\write4
)
("C:\Program Files\MiKTeX 2.9\tex\latex\beamer\base\beamerbaseframesize.sty"
Package: beamerbaseframesize 2011/09/12  (rcs-revision 70f9d8411e54)
\beamer@splitbox=\box43
\beamer@autobreakcount=\count137
\beamer@autobreaklastheight=\dimen165
\beamer@frametitletoks=\toks25
\beamer@framesubtitletoks=\toks26
)
("C:\Program Files\MiKTeX 2.9\tex\latex\beamer\base\beamerbaseframecomponents.s
ty"
Package: beamerbaseframecomponents 2012/03/07  (rcs-revision 9f094699ce15)
\beamer@footins=\box44
) ("C:\Program Files\MiKTeX 2.9\tex\latex\beamer\base\beamerbasecolor.sty"
Package: beamerbasecolor 2010/06/06  (rcs-revision d1a9b48be06d)
)
("C:\Program Files\MiKTeX 2.9\tex\latex\beamer\base\beamerbasenotes.sty"
Package: beamerbasenotes 2010/05/01  (rcs-revision efa082c6111d)
\beamer@frameboxcopy=\box45
)
("C:\Program Files\MiKTeX 2.9\tex\latex\beamer\base\beamerbasetoc.sty"
Package: beamerbasetoc 2012/02/28  (rcs-revision 138681b92320)
)
("C:\Program Files\MiKTeX 2.9\tex\latex\beamer\base\beamerbasetemplates.sty"
Package: beamerbasetemplates 2010/05/01  (rcs-revision efa082c6111d)
\beamer@sbttoks=\toks27

("C:\Program Files\MiKTeX 2.9\tex\latex\beamer\base\beamerbaseauxtemplates.sty"
Package: beamerbaseauxtemplates 2012/05/01  (rcs-revision 67c48b3b652d)
("C:\Program Files\MiKTeX 2.9\tex\latex\beamer\base\beamerbaseboxes.sty"
Package: beamerbaseboxes 2012/05/13  (rcs-revision 56972908a390)
\bmb@box=\box46
\bmb@colorbox=\box47
\bmb@boxshadow=\box48
\bmb@boxshadowball=\box49
\bmb@boxshadowballlarge=\box50
\bmb@temp=\dimen166
\bmb@dima=\dimen167
\bmb@dimb=\dimen168
\bmb@prevheight=\dimen169
)
\beamer@blockheadheight=\dimen170
))
("C:\Program Files\MiKTeX 2.9\tex\latex\beamer\base\beamerbaselocalstructure.st
y"
Package: beamerbaselocalstructure 2012/03/11  (rcs-revision 96ee3b332f84)
 ("C:\Program Files\MiKTeX 2.9\tex\latex\tools\enumerate.sty"
Package: enumerate 1999/03/05 v3.00 enumerate extensions (DPC)
\@enLab=\toks28
)
\c@figure=\count138
\c@table=\count139
\abovecaptionskip=\skip49
\belowcaptionskip=\skip50
)
("C:\Program Files\MiKTeX 2.9\tex\latex\beamer\base\beamerbasenavigation.sty"
Package: beamerbasenavigation 2012/04/03  (rcs-revision 42a0f21a412d)
\beamer@section@min@dim=\dimen171
)
("C:\Program Files\MiKTeX 2.9\tex\latex\beamer\base\beamerbasetheorems.sty"
Package: beamerbasetheorems 2010/06/06  (rcs-revision 7e7cc5e53e9d)

("C:\Program Files\MiKTeX 2.9\tex\latex\ams\math\amsmath.sty"
Package: amsmath 2000/07/18 v2.13 AMS math features
\@mathmargin=\skip51

For additional information on amsmath, use the `?' option.
("C:\Program Files\MiKTeX 2.9\tex\latex\ams\math\amstext.sty"
Package: amstext 2000/06/29 v2.01

("C:\Program Files\MiKTeX 2.9\tex\latex\ams\math\amsgen.sty"
File: amsgen.sty 1999/11/30 v2.0
\@emptytoks=\toks29
\ex@=\dimen172
))
("C:\Program Files\MiKTeX 2.9\tex\latex\ams\math\amsbsy.sty"
Package: amsbsy 1999/11/29 v1.2d
\pmbraise@=\dimen173
)
("C:\Program Files\MiKTeX 2.9\tex\latex\ams\math\amsopn.sty"
Package: amsopn 1999/12/14 v2.01 operator names
)
\inf@bad=\count140
LaTeX Info: Redefining \frac on input line 211.
\uproot@=\count141
\leftroot@=\count142
LaTeX Info: Redefining \overline on input line 307.
\classnum@=\count143
\DOTSCASE@=\count144
LaTeX Info: Redefining \ldots on input line 379.
LaTeX Info: Redefining \dots on input line 382.
LaTeX Info: Redefining \cdots on input line 467.
\Mathstrutbox@=\box51
\strutbox@=\box52
\big@size=\dimen174
LaTeX Font Info:    Redeclaring font encoding OML on input line 567.
LaTeX Font Info:    Redeclaring font encoding OMS on input line 568.
\macc@depth=\count145
\c@MaxMatrixCols=\count146
\dotsspace@=\muskip11
\c@parentequation=\count147
\dspbrk@lvl=\count148
\tag@help=\toks30
\row@=\count149
\column@=\count150
\maxfields@=\count151
\andhelp@=\toks31
\eqnshift@=\dimen175
\alignsep@=\dimen176
\tagshift@=\dimen177
\tagwidth@=\dimen178
\totwidth@=\dimen179
\lineht@=\dimen180
\@envbody=\toks32
\multlinegap=\skip52
\multlinetaggap=\skip53
\mathdisplay@stack=\toks33
LaTeX Info: Redefining \[ on input line 2666.
LaTeX Info: Redefining \] on input line 2667.
)
("C:\Program Files\MiKTeX 2.9\tex\latex\ams\classes\amsthm.sty"
Package: amsthm 2004/08/06 v2.20
\thm@style=\toks34
\thm@bodyfont=\toks35
\thm@headfont=\toks36
\thm@notefont=\toks37
\thm@headpunct=\toks38
\thm@preskip=\skip54
\thm@postskip=\skip55
\thm@headsep=\skip56
\dth@everypar=\toks39
)
\c@theorem=\count152
)
("C:\Program Files\MiKTeX 2.9\tex\latex\beamer\base\beamerbasethemes.sty"
Package: beamerbasethemes 2010/05/01  (rcs-revision efa082c6111d)
))
("C:\Program Files\MiKTeX 2.9\tex\latex\beamer\base\themes\theme\beamerthemedef
ault.sty"
Package: beamerthemedefault 2010/06/17  (rcs-revision d02a7cf4d8ae)

("C:\Program Files\MiKTeX 2.9\tex\latex\beamer\base\themes\font\beamerfonttheme
default.sty"
Package: beamerfontthemedefault 2010/06/17  (rcs-revision d02a7cf4d8ae)
)
("C:\Program Files\MiKTeX 2.9\tex\latex\beamer\base\themes\color\beamercolorthe
medefault.sty"
Package: beamercolorthemedefault 2010/06/17  (rcs-revision d02a7cf4d8ae)
)
("C:\Program Files\MiKTeX 2.9\tex\latex\beamer\base\themes\inner\beamerinnerthe
medefault.sty"
Package: beamerinnerthemedefault 2012/05/01  (rcs-revision 67c48b3b652d)
\beamer@dima=\dimen181
\beamer@dimb=\dimen182
)
("C:\Program Files\MiKTeX 2.9\tex\latex\beamer\base\themes\outer\beamerouterthe
medefault.sty"
Package: beamerouterthemedefault 2010/06/17  (rcs-revision d02a7cf4d8ae)
)))
("C:\Users\PKY\SkyDrive\Sharda University\Proposal\Workshop\WS Presentation\Pre
sentation 2\beamerthemeumbc1.sty"
Package: beamerthemeumbc1 2004/12/17 v1.1 for beamer 3.01

("C:\Users\PKY\SkyDrive\Sharda University\Proposal\Workshop\WS Presentation\Pre
sentation 2\beamerouterthemeumbcfootline.sty"
Package: beamerouterthemeumbcfootline 2004/11/27 v1.0 for beamer 3.01
))
("C:\Program Files\MiKTeX 2.9\tex\latex\textpos\textpos.sty"
Package: textpos 2010/09/30 v1.7g

Package: `textpos' 1.7g <2010 September 30>
\TP@textbox=\box53
\TPHorizModule=\dimen183
\TPVertModule=\dimen184
\TP@margin=\dimen185
\TP@absmargin=\dimen186
Grid set 16 x 16 = 22.7622pt x 17.07166pt
\TPboxrulesize=\dimen187
\TP@tbargs=\toks40
\TP@prevdepth=\dimen188
) ("C:\Program Files\MiKTeX 2.9\tex\latex\fancyvrb\fancyvrb.sty"
Package: fancyvrb 2008/02/07

Style option: `fancyvrb' v2.7a, with DG/SPQR fixes, and firstline=lastline fix 
<2008/02/07> (tvz)
\FV@CodeLineNo=\count153
\FV@InFile=\read2
\FV@TabBox=\box54
\c@FancyVerbLine=\count154
\FV@StepNumber=\count155
\FV@OutFile=\write5
)
("C:\Program Files\MiKTeX 2.9\tex\latex\colortbl\colortbl.sty"
Package: colortbl 2001/02/13 v0.1j Color table columns (DPC)

("C:\Program Files\MiKTeX 2.9\tex\latex\tools\array.sty"
Package: array 2008/09/09 v2.4c Tabular extension package (FMi)
\col@sep=\dimen189
\extrarowheight=\dimen190
\NC@list=\toks41
\extratabsurround=\skip57
\backup@length=\skip58
)
\everycr=\toks42
\minrowclearance=\skip59
)
("C:\Program Files\MiKTeX 2.9\tex\latex\multirow\multirow.sty"
\bigstrutjot=\dimen191
)
("C:\Program Files\MiKTeX 2.9\tex\latex\booktabs\booktabs.sty"
Package: booktabs 2005/04/14 v1.61803 publication quality tables
\heavyrulewidth=\dimen192
\lightrulewidth=\dimen193
\cmidrulewidth=\dimen194
\belowrulesep=\dimen195
\belowbottomsep=\dimen196
\aboverulesep=\dimen197
\abovetopsep=\dimen198
\cmidrulesep=\dimen199
\cmidrulekern=\dimen200
\defaultaddspace=\dimen201
\@cmidla=\count156
\@cmidlb=\count157
\@aboverulesep=\dimen202
\@belowrulesep=\dimen203
\@thisruleclass=\count158
\@lastruleclass=\count159
\@thisrulewidth=\dimen204
)
("C:\Program Files\MiKTeX 2.9\tex\latex\siunitx\siunitx.sty"
("C:\Program Files\MiKTeX 2.9\tex\latex\l3kernel\expl3.sty"
("C:\Program Files\MiKTeX 2.9\tex\latex\l3kernel\l3names.sty"
("C:\Program Files\MiKTeX 2.9\tex\latex\l3kernel\l3bootstrap.sty"
Package: l3bootstrap 2011/12/29 v3110 L3 Experimental bootstrap code
)
Package: l3names 2012/03/04 v3494 L3 Experimental namespace for primitives
)
("C:\Program Files\MiKTeX 2.9\tex\latex\misc\etex.sty"
Package: etex 1998/03/26 v2.0 eTeX basic definition package (PEB)
\et@xins=\count160
)
Package: expl3 2012/04/23 v3570 L3 Experimental code bundle wrapper

("C:\Program Files\MiKTeX 2.9\tex\latex\l3kernel\l3basics.sty"
Package: l3basics 2012/03/04 v3491 L3 Experimental basic definitions
)
("C:\Program Files\MiKTeX 2.9\tex\latex\l3kernel\l3expan.sty"
Package: l3expan 2012/02/26 v3460 L3 Experimental argument expansion
)
("C:\Program Files\MiKTeX 2.9\tex\latex\l3kernel\l3tl.sty"
Package: l3tl 2012/03/04 v3490 L3 Experimental token lists
)
("C:\Program Files\MiKTeX 2.9\tex\latex\l3kernel\l3seq.sty"
Package: l3seq 2012/03/04 v3490 L3 Experimental sequences and stacks
)
("C:\Program Files\MiKTeX 2.9\tex\latex\l3kernel\l3int.sty"
Package: l3int 2012/03/04 v3490 L3 Experimental integers
\c_max_int=\count161
\l_tmpa_int=\count162
\l_tmpb_int=\count163
\l_tmpc_int=\count164
\g_tmpa_int=\count165
\g_tmpb_int=\count166
)
("C:\Program Files\MiKTeX 2.9\tex\latex\l3kernel\l3quark.sty"
Package: l3quark 2012/02/12 v3384 L3 Experimental quarks
)
("C:\Program Files\MiKTeX 2.9\tex\latex\l3kernel\l3prg.sty"
Package: l3prg 2012/03/04 v3490 L3 Experimental control structures
\g_prg_map_int=\count167
)
("C:\Program Files\MiKTeX 2.9\tex\latex\l3kernel\l3clist.sty"
Package: l3clist 2012/03/04 v3490 L3 Experimental comma separated lists
)
("C:\Program Files\MiKTeX 2.9\tex\latex\l3kernel\l3token.sty"
Package: l3token 2012/03/04 v3491 L3 Experimental token manipulation
)
("C:\Program Files\MiKTeX 2.9\tex\latex\l3kernel\l3prop.sty"
Package: l3prop 2012/03/04 v3490 L3 Experimental property lists
)
("C:\Program Files\MiKTeX 2.9\tex\latex\l3kernel\l3msg.sty"
Package: l3msg 2012/04/23 v3568 L3 Experimental messages
)
("C:\Program Files\MiKTeX 2.9\tex\latex\l3kernel\l3file.sty"
Package: l3file 2012/03/09 v3520 L3 Experimental file and I/O operations
\l_iow_stream_int=\count168
\l_iow_line_length_int=\count169
\l_iow_target_length_int=\count170
\l_iow_current_line_int=\count171
\l_iow_current_word_int=\count172
\l_iow_current_indentation_int=\count173
)
("C:\Program Files\MiKTeX 2.9\tex\latex\l3kernel\l3skip.sty"
Package: l3skip 2012/03/05 v3499 L3 Experimental dimensions and skips
Normal \dimen register pool exhausted, switching to extended pool.
\l_tmpa_dim=\dimen256
\l_tmpb_dim=\dimen257
\l_tmpc_dim=\dimen258
\g_tmpa_dim=\dimen259
\g_tmpb_dim=\dimen260
\l_tmpa_skip=\skip60
\l_tmpb_skip=\skip61
\l_tmpc_skip=\skip62
\g_tmpa_skip=\skip63
\g_tmpb_skip=\skip64
)
("C:\Program Files\MiKTeX 2.9\tex\latex\l3kernel\l3keys.sty"
Package: l3keys 2012/03/03 v3487 L3 Experimental key-value interfaces
\g_keyval_level_int=\count174
\l_keys_choice_int=\count175
)
("C:\Program Files\MiKTeX 2.9\tex\latex\l3kernel\l3fp.sty"
Package: l3fp 2012/03/04 v3490 L3 Experimental floating-point operations
\c_one_million=\count176
\c_one_hundred_million=\count177
\c_five_hundred_million=\count178
\c_one_thousand_million=\count179
\c_fp_pi_by_four_decimal_int=\count180
\c_fp_pi_by_four_extended_int=\count181
\c_fp_pi_decimal_int=\count182
\c_fp_pi_extended_int=\count183
\c_fp_two_pi_decimal_int=\count184
\c_fp_two_pi_extended_int=\count185
\l_fp_count_int=\count186
\l_fp_div_offset_int=\count187
\l_fp_exp_integer_int=\count188
\l_fp_exp_decimal_int=\count189
\l_fp_exp_extended_int=\count190
\l_fp_exp_exponent_int=\count191
\l_fp_input_a_sign_int=\count192
\l_fp_input_a_integer_int=\count193
\l_fp_input_a_decimal_int=\count194
\l_fp_input_a_exponent_int=\count195
\l_fp_input_b_sign_int=\count196
\l_fp_input_b_integer_int=\count197
\l_fp_input_b_decimal_int=\count198
\l_fp_input_b_exponent_int=\count199
\l_fp_input_a_extended_int=\count200
\l_fp_input_b_extended_int=\count201
Normal \count register pool exhausted, switching to extended pool.
\l_fp_mul_a_i_int=\count277
\l_fp_mul_a_ii_int=\count278
\l_fp_mul_a_iii_int=\count279
\l_fp_mul_a_iv_int=\count280
\l_fp_mul_a_v_int=\count281
\l_fp_mul_a_vi_int=\count282
\l_fp_mul_b_i_int=\count283
\l_fp_mul_b_ii_int=\count284
\l_fp_mul_b_iii_int=\count285
\l_fp_mul_b_iv_int=\count286
\l_fp_mul_b_v_int=\count287
\l_fp_mul_b_vi_int=\count288
\l_fp_mul_output_int=\count289
\l_fp_output_sign_int=\count290
\l_fp_output_integer_int=\count291
\l_fp_output_decimal_int=\count292
\l_fp_output_exponent_int=\count293
\l_fp_output_extended_int=\count294
\l_fp_round_position_int=\count295
\l_fp_round_target_int=\count296
\l_fp_split_sign_int=\count297
\l_fp_internal_int=\count298
\l_fp_trig_octant_int=\count299
\l_fp_trig_sign_int=\count300
\l_fp_trig_decimal_int=\count301
\l_fp_trig_extended_int=\count302
\l_fp_internal_dim=\dimen261
\l_fp_internal_skip=\skip65
)
("C:\Program Files\MiKTeX 2.9\tex\latex\l3kernel\l3box.sty"
Package: l3box 2012/03/04 v3490 L3 Experimental boxes
\l_tmpb_box=\box55
\l_box_top_dim=\dimen262
\l_box_bottom_dim=\dimen263
\l_box_left_dim=\dimen264
\l_box_right_dim=\dimen265
\l_box_top_new_dim=\dimen266
\l_box_bottom_new_dim=\dimen267
\l_box_left_new_dim=\dimen268
\l_box_right_new_dim=\dimen269
\l_box_internal_box=\box56
)
("C:\Program Files\MiKTeX 2.9\tex\latex\l3kernel\l3coffins.sty"
Package: l3coffins 2012/03/03 v3482 L3 Experimental coffin code layer
\l_coffin_internal_box=\box57
\l_coffin_internal_dim=\dimen270
\l_coffin_offset_x_dim=\dimen271
\l_coffin_offset_y_dim=\dimen272
\l_coffin_x_dim=\dimen273
\l_coffin_y_dim=\dimen274
\l_coffin_x_prime_dim=\dimen275
\l_coffin_y_prime_dim=\dimen276
\l_coffin_Depth_dim=\dimen277
\l_coffin_Height_dim=\dimen278
\l_coffin_TotalHeight_dim=\dimen279
\l_coffin_Width_dim=\dimen280
\c_empty_coffin=\box58
\l_coffin_aligned_coffin=\box59
\l_coffin_aligned_internal_coffin=\box60
\l_coffin_bounding_shift_dim=\dimen281
\l_coffin_left_corner_dim=\dimen282
\l_coffin_right_corner_dim=\dimen283
\l_coffin_bottom_corner_dim=\dimen284
\l_coffin_top_corner_dim=\dimen285
\l_coffin_scaled_total_height_dim=\dimen286
\l_coffin_scaled_width_dim=\dimen287
\l_coffin_display_coffin=\box61
\l_coffin_display_coord_coffin=\box62
\l_coffin_display_pole_coffin=\box63
\l_coffin_display_offset_dim=\dimen288
\l_coffin_display_x_dim=\dimen289
\l_coffin_display_y_dim=\dimen290
)
("C:\Program Files\MiKTeX 2.9\tex\latex\l3kernel\l3color.sty"
Package: l3color 2011/09/07 v2776 L3 Experimental colour support
)
("C:\Program Files\MiKTeX 2.9\tex\latex\l3kernel\l3luatex.sty"
Package: l3luatex 2012/02/09 v3355 L3 Experimental LuaTeX-specific functions
\g_cctab_allocate_int=\count303
\g_cctab_stack_int=\count304
))
Package: siunitx 2012/05/03 v2.5c A comprehensive (SI) units package

("C:\Program Files\MiKTeX 2.9\tex\latex\l3packages\l3keys2e\l3keys2e.sty"
("C:\Program Files\MiKTeX 2.9\tex\latex\l3packages\xparse\xparse.sty"
Package: xparse 2012/04/23 v3570 L3 Experimental document command parser
\l_xparse_current_arg_int=\count305
\l_xparse_m_args_int=\count306
\l_xparse_mandatory_args_int=\count307
\l_xparse_processor_int=\count308
\l_xparse_v_nesting_int=\count309
)
Package: l3keys2e 2012/04/23 v3570 LaTeX2e option processing using LaTeX3 keys
)
\l_siunitx_tmp_box=\box64
\l_siunitx_tmp_dim=\dimen291
\l_siunitx_tmp_int=\count310
Variant \prop_get:NVNT already defined; not changing it on line 360
Variant \prop_get:NVNF already defined; not changing it on line 361
Variant \prop_get:NVNTF already defined; not changing it on line 362
\l_siunitx_number_mantissa_length_int=\count311
\l_siunitx_number_uncert_length_int=\count312
\l_siunitx_round_int=\count313
\l_siunitx_process_decimal_int=\count314
\l_siunitx_process_uncertainty_int=\count315
\l_siunitx_process_fixed_int=\count316
\l_siunitx_process_integer_min_int=\count317
\l_siunitx_process_precision_int=\count318
\l_siunitx_group_min_int=\count319
\l_siunitx_angle_marker_box=\box65
\l_siunitx_angle_unit_box=\box66
\l_siunitx_angle_marker_dim=\dimen292
\l_siunitx_angle_unit_dim=\dimen293
\l_siunitx_unit_int=\count320
\l_siunitx_unit_denominator_int=\count321
\l_siunitx_unit_numerator_int=\count322
\l_siunitx_unit_prefix_int=\count323
\l_siunitx_unit_prefix_base_int=\count324
\l_siunitx_unit_prefix_gram_int=\count325
\l_siunitx_number_product_int=\count326
\c_siunitx_one_fill_skip=\skip66
\l_siunitx_table_unit_align_skip=\skip67
\l_siunitx_table_exponent_dim=\dimen294
\l_siunitx_table_integer_dim=\dimen295
\l_siunitx_table_mantissa_dim=\dimen296
\l_siunitx_table_marker_dim=\dimen297
\l_siunitx_table_result_dim=\dimen298
\l_siunitx_table_uncert_dim=\dimen299
\l_siunitx_table_fill_pre_dim=\dimen300
\l_siunitx_table_fill_post_dim=\dimen301
\l_siunitx_table_fill_mid_dim=\dimen302
\l_siunitx_table_pre_box=\box67
\l_siunitx_table_post_box=\box68
\l_siunitx_table_mantissa_box=\box69
\l_siunitx_table_result_box=\box70
\l_siunitx_table_number_align_skip=\skip68
\l_siunitx_table_text_align_skip=\skip69
.................................................
. LaTeX info: "xparse/define-command"
. 
. Defining document command \DeclareBinaryPrefix with arg. spec. 'mmm' on line
. 7037.
.................................................
.................................................
. LaTeX info: "xparse/define-command"
. 
. Defining document command \DeclareSIPostPower with arg. spec. 'mm' on line
. 7040.
.................................................
.................................................
. LaTeX info: "xparse/define-command"
. 
. Defining document command \DeclareSIPrefix with arg. spec. 'mmm' on line
. 7043.
.................................................
.................................................
. LaTeX info: "xparse/define-command"
. 
. Defining document command \DeclareSIPrePower with arg. spec. 'mm' on line
. 7046.
.................................................
.................................................
. LaTeX info: "xparse/define-command"
. 
. Defining document command \DeclareSIQualifier with arg. spec. 'mm' on line
. 7049.
.................................................
.................................................
. LaTeX info: "xparse/define-command"
. 
. Defining document command \DeclareSIUnit with arg. spec. 'O{}mm' on line
. 7052.
.................................................
.................................................
. LaTeX info: "xparse/define-command"
. 
. Defining document command \DeclareSIUnitWithOptions with arg. spec. 'mmm' on
. line 7055.
.................................................
.................................................
. LaTeX info: "xparse/define-command"
. 
. Defining document command \ang with arg. spec. 'o>{\SplitArgument {2}{;}}m'
. on line 7070.
.................................................
.................................................
. LaTeX info: "xparse/define-command"
. 
. Defining document command \num with arg. spec. 'om' on line 7078.
.................................................
.................................................
. LaTeX info: "xparse/define-command"
. 
. Defining document command \numlist with arg. spec. 'o>{\SplitList {;}}m' on
. line 7086.
.................................................
.................................................
. LaTeX info: "xparse/define-command"
. 
. Defining document command \numrange with arg. spec. 'omm' on line 7094.
.................................................
.................................................
. LaTeX info: "xparse/define-command"
. 
. Defining document command \SIlist with arg. spec. 'o>{\SplitList {;}}mm' on
. line 7105.
.................................................
.................................................
. LaTeX info: "xparse/define-command"
. 
. Defining document command \SIrange with arg. spec. 'ommm' on line 7116.
.................................................
.................................................
. LaTeX info: "xparse/define-command"
. 
. Defining document command \SI with arg. spec. 'omom' on line 7127.
.................................................
.................................................
. LaTeX info: "xparse/define-command"
. 
. Defining document command \sisetup with arg. spec. 'm' on line 7130.
.................................................
.................................................
. LaTeX info: "xparse/define-command"
. 
. Defining document command \tablenum with arg. spec. 'om' on line 7142.
.................................................
.................................................
. LaTeX info: "xparse/define-command"
. 
. Defining document command \si with arg. spec. 'om' on line 7153.
.................................................
.................................................
. LaTeX info: "xparse/define-command"
. 
. Defining document command \siunitx_bookmark_num:w with arg. spec. 'om' on
. line 7197.
.................................................
.................................................
. LaTeX info: "xparse/define-command"
. 
. Defining document command \siunitx_bookmark_numrange:w with arg. spec. 'omm'
. on line 7199.
.................................................
.................................................
. LaTeX info: "xparse/define-command"
. 
. Defining document command \siunitx_bookmark_SI:w with arg. spec. 'omom' on
. line 7201.
.................................................
.................................................
. LaTeX info: "xparse/define-command"
. 
. Defining document command \siunitx_bookmark_SIlist:w with arg. spec. 'omm'
. on line 7203.
.................................................
.................................................
. LaTeX info: "xparse/define-command"
. 
. Defining document command \siunitx_bookmark_SIrange:w with arg. spec. 'ommm'
. on line 7205.
.................................................
.................................................
. LaTeX info: "xparse/define-command"
. 
. Defining document command \siunitx_bookmark_si:w with arg. spec. 'om' on
. line 7206.
.................................................
\g_ior_internal_ior=\read3
)
("C:\Program Files\MiKTeX 2.9\tex\latex\mdframed\mdframed.sty"
Package: mdframed 2012/04/08 v1.5: mdframed

("C:\Program Files\MiKTeX 2.9\tex\latex\etoolbox\etoolbox.sty"
Package: etoolbox 2011/01/03 v2.1 e-TeX tools for LaTeX
\etb@tempcnta=\count327
)
("C:\Program Files\MiKTeX 2.9\tex\latex\oberdiek\zref-abspage.sty"
Package: zref-abspage 2012/04/04 v2.24 Module abspage for zref (HO)

("C:\Program Files\MiKTeX 2.9\tex\latex\oberdiek\zref-base.sty"
Package: zref-base 2012/04/04 v2.24 Module base for zref (HO)

("C:\Program Files\MiKTeX 2.9\tex\latex\oberdiek\auxhook.sty"
Package: auxhook 2011/03/04 v1.3 Hooks for auxiliary files (HO)
)
Package zref Info: New property list: main on input line 759.
Package zref Info: New property: default on input line 760.
Package zref Info: New property: page on input line 761.
)
\c@abspage=\count328
Package zref Info: New property: abspage on input line 62.
)
\mdf@templength=\skip70
\c@mdf@globalstyle@cnt=\count329
\mdf@skipabove@length=\skip71
\mdf@skipbelow@length=\skip72
\mdf@leftmargin@length=\skip73
\mdf@rightmargin@length=\skip74
\mdf@innerleftmargin@length=\skip75
\mdf@innerrightmargin@length=\skip76
\mdf@innertopmargin@length=\skip77
\mdf@innerbottommargin@length=\skip78
\mdf@splittopskip@length=\skip79
\mdf@splitbottomskip@length=\skip80
\mdf@outermargin@length=\skip81
\mdf@innermargin@length=\skip82
\mdf@linewidth@length=\skip83
\mdf@innerlinewidth@length=\skip84
\mdf@middlelinewidth@length=\skip85
\mdf@outerlinewidth@length=\skip86
\mdf@roundcorner@length=\skip87
\mdf@footenotedistance@length=\skip88
\mdf@userdefinedwidth@length=\skip89
\mdf@frametitleaboveskip@length=\skip90
\mdf@frametitlebelowskip@length=\skip91
\mdf@frametitlerulewidth@length=\skip92
\mdf@frametitleleftmargin@length=\skip93
\mdf@frametitlerightmargin@length=\skip94
\mdf@shadowsize@length=\skip95

("C:\Program Files\MiKTeX 2.9\tex\latex\pgf\frontendlayer\tikz.sty"
("C:\Program Files\MiKTeX 2.9\tex\latex\pgf\basiclayer\pgf.sty"
Package: pgf 2008/01/15 v2.10 (rcs-revision 1.12)

("C:\Program Files\MiKTeX 2.9\tex\generic\pgf\modules\pgfmoduleshapes.code.tex"
File: pgfmoduleshapes.code.tex 2010/09/09  (rcs-revision 1.13)
\pgfnodeparttextbox=\box71
) ("C:\Program Files\MiKTeX 2.9\tex\generic\pgf\modules\pgfmoduleplot.code.tex"
File: pgfmoduleplot.code.tex 2010/10/22  (rcs-revision 1.8)
)
("C:\Program Files\MiKTeX 2.9\tex\latex\pgf\compatibility\pgfcomp-version-0-65.
sty"
Package: pgfcomp-version-0-65 2007/07/03 v2.10 (rcs-revision 1.7)
\pgf@nodesepstart=\dimen303
\pgf@nodesepend=\dimen304
)
("C:\Program Files\MiKTeX 2.9\tex\latex\pgf\compatibility\pgfcomp-version-1-18.
sty"
Package: pgfcomp-version-1-18 2007/07/23 v2.10 (rcs-revision 1.1)
)) ("C:\Program Files\MiKTeX 2.9\tex\latex\pgf\utilities\pgffor.sty"
("C:\Program Files\MiKTeX 2.9\tex\latex\pgf\utilities\pgfkeys.sty"
("C:\Program Files\MiKTeX 2.9\tex\generic\pgf\utilities\pgfkeys.code.tex"))
("C:\Program Files\MiKTeX 2.9\tex\generic\pgf\utilities\pgffor.code.tex"
Package: pgffor 2010/03/23 v2.10 (rcs-revision 1.18)
\pgffor@iter=\dimen305
\pgffor@skip=\dimen306
\pgffor@stack=\toks43
\pgffor@toks=\toks44
))
("C:\Program Files\MiKTeX 2.9\tex\generic\pgf\frontendlayer\tikz\tikz.code.tex"
Package: tikz 2010/10/13 v2.10 (rcs-revision 1.76)

("C:\Program Files\MiKTeX 2.9\tex\generic\pgf\libraries\pgflibraryplothandlers.
code.tex"
File: pgflibraryplothandlers.code.tex 2010/05/31 v2.10 (rcs-revision 1.15)
\pgf@plot@mark@count=\count330
\pgfplotmarksize=\dimen307
)
\tikz@lastx=\dimen308
\tikz@lasty=\dimen309
\tikz@lastxsaved=\dimen310
\tikz@lastysaved=\dimen311
\tikzleveldistance=\dimen312
\tikzsiblingdistance=\dimen313
\tikz@figbox=\box72
\tikz@tempbox=\box73
\tikztreelevel=\count331
\tikznumberofchildren=\count332
\tikznumberofcurrentchild=\count333
\tikz@fig@count=\count334

("C:\Program Files\MiKTeX 2.9\tex\generic\pgf\modules\pgfmodulematrix.code.tex"
File: pgfmodulematrix.code.tex 2010/08/24  (rcs-revision 1.4)
\pgfmatrixcurrentrow=\count335
\pgfmatrixcurrentcolumn=\count336
\pgf@matrix@numberofcolumns=\count337
)
\tikz@expandcount=\count338

("C:\Program Files\MiKTeX 2.9\tex\generic\pgf\frontendlayer\tikz\libraries\tikz
librarytopaths.code.tex"
File: tikzlibrarytopaths.code.tex 2008/06/17 v2.10 (rcs-revision 1.2)
)))
\mdf@frametitlebox=\box74
\mdf@footnotebox=\box75
\mdf@splitbox@one=\box76
\mdf@splitbox@two=\box77
\mdfsplitboxwidth=\skip96
\mdfsplitboxtotalwidth=\skip97
\mdfsplitboxheight=\skip98
\mdfsplitboxdepth=\skip99
\mdfsplitboxtotalheight=\skip100
\mdfframetitleboxwidth=\skip101
\mdfframetitleboxtotalwidth=\skip102
\mdfframetitleboxheight=\skip103
\mdfframetitleboxdepth=\skip104
\mdfframetitleboxtotalheight=\skip105
\mdffootnoteboxwidth=\skip106
\mdffootnoteboxtotalwidth=\skip107
\mdffootnoteboxheight=\skip108
\mdffootnoteboxdepth=\skip109
\mdffootnoteboxtotalheight=\skip110
\mdftotallinewidth=\skip111
\mdfboundingboxwidth=\skip112
\mdfboundingboxtotalwidth=\skip113
\mdfboundingboxheight=\skip114
\mdfboundingboxdepth=\skip115
\mdfboundingboxtotalheight=\skip116
\mdf@freevspace@length=\skip117
\mdf@horizontalwidthofbox@length=\skip118
\mdf@verticalmarginwhole@length=\skip119
.................................................
. LaTeX info: "xparse/define-command"
. 
. Defining document command \newmdtheoremenv with arg. spec. 'O{} m o m o ' on
. line 501.
.................................................
.................................................
. LaTeX info: "xparse/define-command"
. 
. Defining document command \mdtheorem with arg. spec. ' O{} m o m o ' on line
. 581.
.................................................

("C:\Program Files\MiKTeX 2.9\tex\latex\mdframed\md-frame-1.mdf"
File: md-frame-1.mdf 2012/04/08  v1.5: md-frame-1
)
\c@mdf@zref@counter=\count339
Package zref Info: New property: mdf@pagevalue on input line 782.
\mdf@horizontalspaceofbox=\skip120
)
("C:\Program Files\MiKTeX 2.9\tex\latex\caption\caption.sty"
Package: caption 2012/02/19 v3.2f Customizing captions (AR)

("C:\Program Files\MiKTeX 2.9\tex\latex\caption\caption3.sty"
Package: caption3 2012/01/12 v1.4b caption3 kernel (AR)
\captionmargin=\dimen314
\captionmargin@=\dimen315
\captionwidth=\dimen316
\caption@indent=\dimen317
\caption@parindent=\dimen318
\caption@hangindent=\dimen319
)
\c@ContinuedFloat=\count340
Package caption Info: beamer document class.
Package caption Info: hyperref package is loaded.
Package caption Info: Hyperref support is turned off
(caption)             because hyperref has stopped early.
)
("C:\Program Files\MiKTeX 2.9\tex\latex\examplep\examplep.sty"
Package: examplep 2010/02/03 v0.04 Verbatim and typeset TeX code

("C:\Program Files\MiKTeX 2.9\tex\latex\examplep\verbfwr.sty"
Package: verbfwr 2003/09/25 v0.02 Verbatim file write
\verbfwr@writefile=\write6
))
("C:\Program Files\MiKTeX 2.9\tex\latex\datetime\datetime.sty"
Package: datetime 2010/09/21 v2.58 Date Time Package

("C:\Program Files\MiKTeX 2.9\tex\latex\fmtcount\fmtcount.sty"
Package: fmtcount 2009/10/02 v1.31

("C:\Program Files\MiKTeX 2.9\tex\latex\base\ifthen.sty"
Package: ifthen 2001/05/26 v1.1c Standard LaTeX ifthen package (DPC)
)
\c@padzeroesN=\count341

("C:\Program Files\MiKTeX 2.9\tex\latex\fmtcount\fc-english.def"
File: fc-english 2007/05/26
)
("C:\Program Files\MiKTeX 2.9\tex\latex\fmtcount\fc-UKenglish.def"
File: fc-UKenglish 2007/06/14
)
("C:\Program Files\MiKTeX 2.9\tex\latex\fmtcount\fc-british.def"
File: fc-british 2007/06/14
)
("C:\Program Files\MiKTeX 2.9\tex\latex\fmtcount\fc-USenglish.def"
File: fc-USenglish 2007/06/14
)
("C:\Program Files\MiKTeX 2.9\tex\latex\fmtcount\fc-spanish.def"
File: fc-spanish.def 2007/05/26
)
("C:\Program Files\MiKTeX 2.9\tex\latex\fmtcount\fc-portuges.def"
File: fc-portuges.def 2007/05/26
)
("C:\Program Files\MiKTeX 2.9\tex\latex\fmtcount\fc-french.def"
File: fc-french.def 2007/05/26
)
("C:\Program Files\MiKTeX 2.9\tex\latex\fmtcount\fc-german.def"
File: fc-german.def 2007/06/14
)
("C:\Program Files\MiKTeX 2.9\tex\latex\fmtcount\fc-italian.def"
File: fc-italian.def 2009/10/02 Italian support for fmtcount (Edoardo Pasca)
)
No configuration file fmtcount.cfg found.
\@DT@modctr=\count342
\@ordinalctr=\count343
\@orgargctr=\count344
\@strctr=\count345
\@tmpstrctr=\count346
\@DT@loopN=\count347
\@DT@X=\count348
)
\@day=\count349
\@month=\count350
\@year=\count351
\c@HOUR=\count352
\c@HOURXII=\count353
\c@MINUTE=\count354
\c@TOHOUR=\count355
\c@TOMINUTE=\count356
\c@SECOND=\count357
\currenthour=\count358
\currentminute=\count359
\currentsecond=\count360
Package datetime Info: No datetime.cfg file found, using default settings on in
put line 292.
\@dtctr=\count361
\dayofyear=\count362
\dayofweek=\count363
LaTeX Info: Redefining \today on input line 724.
\dt@a=\toks45
\dt@b=\toks46
) ("C:\Program Files\MiKTeX 2.9\tex\latex\tabu\tabu.sty"
Package: tabu 2011/02/26 v2.8 - flexible LaTeX tabulars (FC)

("C:\Program Files\MiKTeX 2.9\tex\latex\ltxmisc\varwidth.sty"
Package: varwidth 2009/03/30 ver 0.92;  Variable-width minipages
\@vwid@box=\box78
\sift@deathcycles=\count364
\@vwid@loff=\dimen320
\@vwid@roff=\dimen321
)
\c@taburow=\count365
\tabu@nbcols=\count366
\tabu@cnt=\count367
\tabu@Xcol=\count368
\tabu@alloc=\count369
\tabu@nested=\count370
\tabu@target=\dimen322
\tabu@spreadtarget=\dimen323
\tabu@naturalX=\dimen324
\tabucolX=\dimen325
\tabu@Xsum=\dimen326
\extrarowdepth=\dimen327
\abovetabulinesep=\dimen328
\belowtabulinesep=\dimen329
\tabustrutrule=\dimen330
\tabu@thebody=\toks47
\tabu@footnotes=\toks48
\tabu@box=\box79
\tabu@arstrutbox=\box80
\tabu@hleads=\box81
\tabu@vleads=\box82
\tabu@cellskip=\skip121
)
("C:\Program Files\MiKTeX 2.9\tex\latex\base\textcomp.sty"
Package: textcomp 2005/09/27 v1.99g Standard LaTeX package
Package textcomp Info: Sub-encoding information:
(textcomp)               5 = only ISO-Adobe without \textcurrency
(textcomp)               4 = 5 + \texteuro
(textcomp)               3 = 4 + \textohm
(textcomp)               2 = 3 + \textestimated + \textcurrency
(textcomp)               1 = TS1 - \textcircled - \t
(textcomp)               0 = TS1 (full)
(textcomp)             Font families with sub-encoding setting implement
(textcomp)             only a restricted character set as indicated.
(textcomp)             Family '?' is the default used for unknown fonts.
(textcomp)             See the documentation for details.
Package textcomp Info: Setting ? sub-encoding to TS1/1 on input line 71.

("C:\Program Files\MiKTeX 2.9\tex\latex\base\ts1enc.def"
File: ts1enc.def 2001/06/05 v3.0e (jk/car/fm) Standard LaTeX file
)
LaTeX Info: Redefining \oldstylenums on input line 266.
Package textcomp Info: Setting cmr sub-encoding to TS1/0 on input line 281.
Package textcomp Info: Setting cmss sub-encoding to TS1/0 on input line 282.
Package textcomp Info: Setting cmtt sub-encoding to TS1/0 on input line 283.
Package textcomp Info: Setting cmvtt sub-encoding to TS1/0 on input line 284.
Package textcomp Info: Setting cmbr sub-encoding to TS1/0 on input line 285.
Package textcomp Info: Setting cmtl sub-encoding to TS1/0 on input line 286.
Package textcomp Info: Setting ccr sub-encoding to TS1/0 on input line 287.
Package textcomp Info: Setting ptm sub-encoding to TS1/4 on input line 288.
Package textcomp Info: Setting pcr sub-encoding to TS1/4 on input line 289.
Package textcomp Info: Setting phv sub-encoding to TS1/4 on input line 290.
Package textcomp Info: Setting ppl sub-encoding to TS1/3 on input line 291.
Package textcomp Info: Setting pag sub-encoding to TS1/4 on input line 292.
Package textcomp Info: Setting pbk sub-encoding to TS1/4 on input line 293.
Package textcomp Info: Setting pnc sub-encoding to TS1/4 on input line 294.
Package textcomp Info: Setting pzc sub-encoding to TS1/4 on input line 295.
Package textcomp Info: Setting bch sub-encoding to TS1/4 on input line 296.
Package textcomp Info: Setting put sub-encoding to TS1/5 on input line 297.
Package textcomp Info: Setting uag sub-encoding to TS1/5 on input line 298.
Package textcomp Info: Setting ugq sub-encoding to TS1/5 on input line 299.
Package textcomp Info: Setting ul8 sub-encoding to TS1/4 on input line 300.
Package textcomp Info: Setting ul9 sub-encoding to TS1/4 on input line 301.
Package textcomp Info: Setting augie sub-encoding to TS1/5 on input line 302.
Package textcomp Info: Setting dayrom sub-encoding to TS1/3 on input line 303.
Package textcomp Info: Setting dayroms sub-encoding to TS1/3 on input line 304.

Package textcomp Info: Setting pxr sub-encoding to TS1/0 on input line 305.
Package textcomp Info: Setting pxss sub-encoding to TS1/0 on input line 306.
Package textcomp Info: Setting pxtt sub-encoding to TS1/0 on input line 307.
Package textcomp Info: Setting txr sub-encoding to TS1/0 on input line 308.
Package textcomp Info: Setting txss sub-encoding to TS1/0 on input line 309.
Package textcomp Info: Setting txtt sub-encoding to TS1/0 on input line 310.
Package textcomp Info: Setting lmr sub-encoding to TS1/0 on input line 311.
Package textcomp Info: Setting lmdh sub-encoding to TS1/0 on input line 312.
Package textcomp Info: Setting lmss sub-encoding to TS1/0 on input line 313.
Package textcomp Info: Setting lmssq sub-encoding to TS1/0 on input line 314.
Package textcomp Info: Setting lmvtt sub-encoding to TS1/0 on input line 315.
Package textcomp Info: Setting qhv sub-encoding to TS1/0 on input line 316.
Package textcomp Info: Setting qag sub-encoding to TS1/0 on input line 317.
Package textcomp Info: Setting qbk sub-encoding to TS1/0 on input line 318.
Package textcomp Info: Setting qcr sub-encoding to TS1/0 on input line 319.
Package textcomp Info: Setting qcs sub-encoding to TS1/0 on input line 320.
Package textcomp Info: Setting qpl sub-encoding to TS1/0 on input line 321.
Package textcomp Info: Setting qtm sub-encoding to TS1/0 on input line 322.
Package textcomp Info: Setting qzc sub-encoding to TS1/0 on input line 323.
Package textcomp Info: Setting qhvc sub-encoding to TS1/0 on input line 324.
Package textcomp Info: Setting futs sub-encoding to TS1/4 on input line 325.
Package textcomp Info: Setting futx sub-encoding to TS1/4 on input line 326.
Package textcomp Info: Setting futj sub-encoding to TS1/4 on input line 327.
Package textcomp Info: Setting hlh sub-encoding to TS1/3 on input line 328.
Package textcomp Info: Setting hls sub-encoding to TS1/3 on input line 329.
Package textcomp Info: Setting hlst sub-encoding to TS1/3 on input line 330.
Package textcomp Info: Setting hlct sub-encoding to TS1/5 on input line 331.
Package textcomp Info: Setting hlx sub-encoding to TS1/5 on input line 332.
Package textcomp Info: Setting hlce sub-encoding to TS1/5 on input line 333.
Package textcomp Info: Setting hlcn sub-encoding to TS1/5 on input line 334.
Package textcomp Info: Setting hlcw sub-encoding to TS1/5 on input line 335.
Package textcomp Info: Setting hlcf sub-encoding to TS1/5 on input line 336.
Package textcomp Info: Setting pplx sub-encoding to TS1/3 on input line 337.
Package textcomp Info: Setting pplj sub-encoding to TS1/3 on input line 338.
Package textcomp Info: Setting ptmx sub-encoding to TS1/4 on input line 339.
Package textcomp Info: Setting ptmj sub-encoding to TS1/4 on input line 340.
)
("C:\Program Files\MiKTeX 2.9\tex\latex\ms\ragged2e.sty"
Package: ragged2e 2009/05/21 v2.1 ragged2e Package (MS)

("C:\Program Files\MiKTeX 2.9\tex\latex\ms\everysel.sty"
Package: everysel 2011/10/28 v1.2 EverySelectfont Package (MS)
)
\CenteringLeftskip=\skip122
\RaggedLeftLeftskip=\skip123
\RaggedRightLeftskip=\skip124
\CenteringRightskip=\skip125
\RaggedLeftRightskip=\skip126
\RaggedRightRightskip=\skip127
\CenteringParfillskip=\skip128
\RaggedLeftParfillskip=\skip129
\RaggedRightParfillskip=\skip130
\JustifyingParfillskip=\skip131
\CenteringParindent=\skip132
\RaggedLeftParindent=\skip133
\RaggedRightParindent=\skip134
\JustifyingParindent=\skip135
)
Package hyperref Info: Option `colorlinks' set `false' on input line 19.

("C:\Program Files\MiKTeX 2.9\tex\latex\base\fontenc.sty"
Package: fontenc 2005/09/27 v1.99g Standard LaTeX package

("C:\Program Files\MiKTeX 2.9\tex\latex\base\t1enc.def"
File: t1enc.def 2005/09/27 v1.99g Standard LaTeX file
LaTeX Font Info:    Redeclaring font encoding T1 on input line 43.
))
("C:\Program Files\MiKTeX 2.9\tex\latex\concmath\concmath.sty"
Package: concmath 1999/03/10 v2.0b LaTeX package for Concrete math fonts
LaTeX Font Info:    Redeclaring symbol font `operators' on input line 43.
LaTeX Font Info:    Overwriting symbol font `operators' in version `normal'
(Font)                  OT1/cmr/m/n --> OT1/ccr/m/n on input line 43.
LaTeX Font Info:    Overwriting symbol font `operators' in version `bold'
(Font)                  OT1/cmr/bx/n --> OT1/ccr/m/n on input line 43.
LaTeX Font Info:    Redeclaring symbol font `letters' on input line 44.
LaTeX Font Info:    Overwriting symbol font `letters' in version `normal'
(Font)                  OML/cmm/m/it --> OML/ccm/m/it on input line 44.
LaTeX Font Info:    Overwriting symbol font `letters' in version `bold'
(Font)                  OML/cmm/b/it --> OML/ccm/m/it on input line 44.
LaTeX Font Info:    Redeclaring symbol font `symbols' on input line 45.
LaTeX Font Info:    Overwriting symbol font `symbols' in version `normal'
(Font)                  OMS/cmsy/m/n --> OMS/ccsy/m/n on input line 45.
LaTeX Font Info:    Overwriting symbol font `symbols' in version `bold'
(Font)                  OMS/cmsy/b/n --> OMS/ccsy/m/n on input line 45.
LaTeX Font Info:    Redeclaring symbol font `largesymbols' on input line 46.
LaTeX Font Info:    Overwriting symbol font `largesymbols' in version `normal'
(Font)                  OMX/cmex/m/n --> OMX/ccex/m/n on input line 46.
LaTeX Font Info:    Overwriting symbol font `largesymbols' in version `bold'
(Font)                  OMX/cmex/m/n --> OMX/ccex/m/n on input line 46.
LaTeX Font Info:    Overwriting symbol font `operators' in version `bold'
(Font)                  OT1/ccr/m/n --> OT1/ccr/bx/n on input line 47.
LaTeX Font Info:    Overwriting symbol font `letters' in version `bold'
(Font)                  OML/ccm/m/it --> OML/ccm/b/it on input line 48.
LaTeX Font Info:    Overwriting symbol font `symbols' in version `bold'
(Font)                  OMS/ccsy/m/n --> OMS/ccsy/b/n on input line 49.
LaTeX Font Info:    Redeclaring math alphabet \mathbf on input line 53.
LaTeX Font Info:    Overwriting math alphabet `\mathbf' in version `normal'
(Font)                  OT1/cmr/bx/n --> OT1/ccr/bx/n on input line 53.
LaTeX Font Info:    Overwriting math alphabet `\mathbf' in version `bold'
(Font)                  OT1/cmr/bx/n --> OT1/ccr/bx/n on input line 53.
LaTeX Font Info:    Redeclaring math alphabet \mathit on input line 54.
LaTeX Font Info:    Overwriting math alphabet `\mathit' in version `normal'
(Font)                  OT1/cmr/m/it --> OT1/ccr/m/it on input line 54.
LaTeX Font Info:    Overwriting math alphabet `\mathit' in version `bold'
(Font)                  OT1/cmr/bx/it --> OT1/ccr/m/it on input line 54.
)
("C:\Users\PKY\SkyDrive\Sharda University\Proposal\Workshop\WS Presentation\Pre
sentation 2\pres2.aux")
LaTeX Font Info:    Checking defaults for OML/cmm/m/it on input line 36.
LaTeX Font Info:    ... okay on input line 36.
LaTeX Font Info:    Checking defaults for T1/cmr/m/n on input line 36.
LaTeX Font Info:    ... okay on input line 36.
LaTeX Font Info:    Checking defaults for OT1/cmr/m/n on input line 36.
LaTeX Font Info:    ... okay on input line 36.
LaTeX Font Info:    Checking defaults for OMS/cmsy/m/n on input line 36.
LaTeX Font Info:    ... okay on input line 36.
LaTeX Font Info:    Checking defaults for OMX/cmex/m/n on input line 36.
LaTeX Font Info:    ... okay on input line 36.
LaTeX Font Info:    Checking defaults for U/cmr/m/n on input line 36.
LaTeX Font Info:    ... okay on input line 36.
LaTeX Font Info:    Checking defaults for PD1/pdf/m/n on input line 36.
LaTeX Font Info:    ... okay on input line 36.
LaTeX Font Info:    Checking defaults for TS1/cmr/m/n on input line 36.
LaTeX Font Info:    Try loading font information for TS1+cmr on input line 36.
 ("C:\Program Files\MiKTeX 2.9\tex\latex\base\ts1cmr.fd"
File: ts1cmr.fd 1999/05/25 v2.5h Standard LaTeX font definitions
)
LaTeX Font Info:    ... okay on input line 36.

*geometry* driver: auto-detecting
*geometry* detected driver: pdftex
*geometry* verbose mode - [ preamble ] result:
* driver: pdftex
* paper: custom
* layout: <same size as paper>
* layoutoffset:(h,v)=(0.0pt,0.0pt)
* modes: includehead includefoot 
* h-part:(L,W,R)=(28.45274pt, 307.28987pt, 28.45274pt)
* v-part:(T,H,B)=(0.0pt, 273.14662pt, 0.0pt)
* \paperwidth=364.19536pt
* \paperheight=273.14662pt
* \textwidth=307.28987pt
* \textheight=244.6939pt
* \oddsidemargin=-43.81725pt
* \evensidemargin=-43.81725pt
* \topmargin=-72.26999pt
* \headheight=14.22636pt
* \headsep=0.0pt
* \topskip=11.0pt
* \footskip=14.22636pt
* \marginparwidth=4.0pt
* \marginparsep=10.0pt
* \columnsep=10.0pt
* \skip\footins=10.0pt plus 4.0pt minus 2.0pt
* \hoffset=0.0pt
* \voffset=0.0pt
* \mag=1000
* \@twocolumnfalse
* \@twosidefalse
* \@mparswitchfalse
* \@reversemarginfalse
* (1in=72.27pt=25.4mm, 1cm=28.453pt)

("C:\Program Files\MiKTeX 2.9\tex\context\base\supp-pdf.mkii"
[Loading MPS to PDF converter (version 2006.09.02).]
\scratchcounter=\count371
\scratchdimen=\dimen331
\scratchbox=\box83
\nofMPsegments=\count372
\nofMParguments=\count373
\everyMPshowfont=\toks49
\MPscratchCnt=\count374
\MPscratchDim=\dimen332
\MPnumerator=\count375
\makeMPintoPDFobject=\count376
\everyMPtoPDFconversion=\toks50
) ABD: EveryShipout initializing macros
\AtBeginShipoutBox=\box84
Package hyperref Info: Link coloring OFF on input line 36.

("C:\Program Files\MiKTeX 2.9\tex\latex\hyperref\nameref.sty"
Package: nameref 2010/04/30 v2.40 Cross-referencing by name of section

("C:\Program Files\MiKTeX 2.9\tex\generic\oberdiek\gettitlestring.sty"
Package: gettitlestring 2010/12/03 v1.4 Cleanup title references (HO)
)
\c@section@level=\count377
)
LaTeX Info: Redefining \ref on input line 36.
LaTeX Info: Redefining \pageref on input line 36.
LaTeX Info: Redefining \nameref on input line 36.

("C:\Users\PKY\SkyDrive\Sharda University\Proposal\Workshop\WS Presentation\Pre
sentation 2\pres2.out")
("C:\Users\PKY\SkyDrive\Sharda University\Proposal\Workshop\WS Presentation\Pre
sentation 2\pres2.out")
\@outlinefile=\write7
LaTeX Font Info:    Overwriting symbol font `operators' in version `normal'
(Font)                  OT1/ccr/m/n --> OT1/cmss/m/n on input line 36.
LaTeX Font Info:    Overwriting symbol font `operators' in version `bold'
(Font)                  OT1/ccr/bx/n --> OT1/cmss/bx/n on input line 36.
\symnumbers=\mathgroup6
\sympureletters=\mathgroup7
LaTeX Font Info:    Overwriting math alphabet `\mathrm' in version `normal'
(Font)                  OT1/cmss/m/n --> T1/ccr/m/n on input line 36.
LaTeX Font Info:    Redeclaring math alphabet \mathbf on input line 36.
LaTeX Font Info:    Overwriting math alphabet `\mathbf' in version `normal'
(Font)                  OT1/ccr/bx/n --> T1/cmss/bx/n on input line 36.
LaTeX Font Info:    Overwriting math alphabet `\mathbf' in version `bold'
(Font)                  OT1/ccr/bx/n --> T1/cmss/bx/n on input line 36.
LaTeX Font Info:    Redeclaring math alphabet \mathsf on input line 36.
LaTeX Font Info:    Overwriting math alphabet `\mathsf' in version `normal'
(Font)                  OT1/cmss/m/n --> T1/cmss/m/n on input line 36.
LaTeX Font Info:    Overwriting math alphabet `\mathsf' in version `bold'
(Font)                  OT1/cmss/bx/n --> T1/cmss/m/n on input line 36.
LaTeX Font Info:    Redeclaring math alphabet \mathit on input line 36.
LaTeX Font Info:    Overwriting math alphabet `\mathit' in version `normal'
(Font)                  OT1/ccr/m/it --> T1/cmss/m/it on input line 36.
LaTeX Font Info:    Overwriting math alphabet `\mathit' in version `bold'
(Font)                  OT1/ccr/m/it --> T1/cmss/m/it on input line 36.
LaTeX Font Info:    Redeclaring math alphabet \mathtt on input line 36.
LaTeX Font Info:    Overwriting math alphabet `\mathtt' in version `normal'
(Font)                  OT1/cmtt/m/n --> T1/cmtt/m/n on input line 36.
LaTeX Font Info:    Overwriting math alphabet `\mathtt' in version `bold'
(Font)                  OT1/cmtt/m/n --> T1/cmtt/m/n on input line 36.
LaTeX Font Info:    Overwriting symbol font `numbers' in version `bold'
(Font)                  T1/cmss/m/n --> T1/cmss/bx/n on input line 36.
LaTeX Font Info:    Overwriting symbol font `pureletters' in version `bold'
(Font)                  T1/cmss/m/it --> T1/cmss/bx/it on input line 36.
LaTeX Font Info:    Overwriting math alphabet `\mathrm' in version `bold'
(Font)                  OT1/cmss/bx/n --> T1/ccr/bx/n on input line 36.
LaTeX Font Info:    Overwriting math alphabet `\mathbf' in version `bold'
(Font)                  T1/cmss/bx/n --> T1/cmss/bx/n on input line 36.
LaTeX Font Info:    Overwriting math alphabet `\mathsf' in version `bold'
(Font)                  T1/cmss/m/n --> T1/cmss/bx/n on input line 36.
LaTeX Font Info:    Overwriting math alphabet `\mathit' in version `bold'
(Font)                  T1/cmss/m/it --> T1/cmss/bx/it on input line 36.
LaTeX Font Info:    Overwriting math alphabet `\mathtt' in version `bold'
(Font)                  T1/cmtt/m/n --> T1/cmtt/bx/n on input line 36.
LaTeX Font Info:    Redeclaring symbol font `pureletters' on input line 36.
LaTeX Font Info:    Encoding `T1' has changed to `OT1' for symbol font
(Font)              `pureletters' in the math version `normal' on input line 36
.
LaTeX Font Info:    Overwriting symbol font `pureletters' in version `normal'
(Font)                  T1/cmss/m/it --> OT1/mathkerncmss/m/sl on input line 36
.
LaTeX Font Info:    Encoding `T1' has changed to `OT1' for symbol font
(Font)              `pureletters' in the math version `bold' on input line 36.
LaTeX Font Info:    Overwriting symbol font `pureletters' in version `bold'
(Font)                  T1/cmss/bx/it --> OT1/mathkerncmss/m/sl on input line 3
6.

("C:\Program Files\MiKTeX 2.9\tex\latex\beamer\base\translator\dicts\translator
-basic-dictionary\translator-basic-dictionary-English.dict"
Dictionary: translator-basic-dictionary, Language: English 
)
("C:\Program Files\MiKTeX 2.9\tex\latex\beamer\base\translator\dicts\translator
-bibliography-dictionary\translator-bibliography-dictionary-English.dict"
Dictionary: translator-bibliography-dictionary, Language: English 
)
("C:\Program Files\MiKTeX 2.9\tex\latex\beamer\base\translator\dicts\translator
-environment-dictionary\translator-environment-dictionary-English.dict"
Dictionary: translator-environment-dictionary, Language: English 
)
("C:\Program Files\MiKTeX 2.9\tex\latex\beamer\base\translator\dicts\translator
-months-dictionary\translator-months-dictionary-English.dict"
Dictionary: translator-months-dictionary, Language: English 
)
("C:\Program Files\MiKTeX 2.9\tex\latex\beamer\base\translator\dicts\translator
-numbers-dictionary\translator-numbers-dictionary-English.dict"
Dictionary: translator-numbers-dictionary, Language: English 
)
("C:\Program Files\MiKTeX 2.9\tex\latex\beamer\base\translator\dicts\translator
-theorem-dictionary\translator-theorem-dictionary-English.dict"
Dictionary: translator-theorem-dictionary, Language: English 
)
LaTeX Info: Redefining \includegraphics on input line 36.

("C:\Program Files\MiKTeX 2.9\tex\latex\siunitx\config\siunitx-abbreviations.cf
g"
File: siunitx-abbreviations.cfg 2012/05/03 v2.5c siunitx: Abbreviated units
) ("C:\Program Files\MiKTeX 2.9\tex\latex\siunitx\config\siunitx-binary.cfg"
File: siunitx-binary.cfg 2012/05/03 v2.5c siunitx: Binary units
)
Package caption Info: Begin \AtBeginDocument code.
Package caption Info: End \AtBeginDocument code.
ABD: EverySelectfont initializing macros
LaTeX Info: Redefining \selectfont on input line 36.

("C:\Users\PKY\SkyDrive\Sharda University\Proposal\Workshop\WS Presentation\Pre
sentation 2\pres2.nav")

LaTeX Font Warning: Font shape `T1/cmss/m/n' in size <4> not available
(Font)              size <5> substituted on input line 36.

\c_siunitx_mathsf_int=\count378
LaTeX Font Info:    Try loading font information for OML+ccm on input line 36.
("C:\Program Files\MiKTeX 2.9\tex\latex\concmath\omlccm.fd"
File: omlccm.fd 1999/03/10 v2.0b LaTeX font defs for Concrete math fonts
)
LaTeX Font Info:    Try loading font information for OMS+ccsy on input line 36.


("C:\Program Files\MiKTeX 2.9\tex\latex\concmath\omsccsy.fd"
File: omsccsy.fd 1999/03/10 v2.0b LaTeX font defs for Concrete math fonts
)
LaTeX Font Info:    Try loading font information for OMX+ccex on input line 36.


("C:\Program Files\MiKTeX 2.9\tex\latex\concmath\omxccex.fd"
File: omxccex.fd 1999/03/10 v2.0b LaTeX font defs for Concrete math fonts
)
LaTeX Font Info:    External font `xccex10' loaded for size
(Font)              <10.95> on input line 36.
LaTeX Font Info:    External font `xccex10' loaded for size
(Font)              <8> on input line 36.
LaTeX Font Info:    External font `xccex10' loaded for size
(Font)              <6> on input line 36.
LaTeX Font Info:    Try loading font information for U+msa on input line 36.

("C:\Program Files\MiKTeX 2.9\tex\latex\amsfonts\umsa.fd"
File: umsa.fd 2009/06/22 v3.00 AMS symbols A
)
LaTeX Font Info:    Try loading font information for U+msb on input line 36.

("C:\Program Files\MiKTeX 2.9\tex\latex\amsfonts\umsb.fd"
File: umsb.fd 2009/06/22 v3.00 AMS symbols B
)
LaTeX Font Info:    Try loading font information for OT1+mathkerncmss on input 
line 36.

("C:\Program Files\MiKTeX 2.9\tex\latex\sansmathaccent\ot1mathkerncmss.fd"
File: ot1mathkerncmss.fd 2012/04/26
)
\c_siunitx_mathtt_int=\count379
LaTeX Font Info:    Try loading font information for T1+cmtt on input line 36.

("C:\Program Files\MiKTeX 2.9\tex\latex\base\t1cmtt.fd"
File: t1cmtt.fd 1999/05/25 v2.5h Standard LaTeX font definitions
)

Package hyperref Warning: Option `pdfauthor' has already been used,
(hyperref)                setting the option has no effect on input line 40.

<fig/logo.jpg, id=29, 426.59375pt x 119.44624pt>
File: fig/logo.jpg Graphic file (type jpg)
 <use fig/logo.jpg>
Package pdftex.def Info: fig/logo.jpg used on input line 73.
(pdftex.def)             Requested size: 113.81102pt x 31.86633pt.
LaTeX Font Info:    External font `xccex10' loaded for size
(Font)              <14.4> on input line 73.
LaTeX Font Info:    External font `xccex10' loaded for size
(Font)              <10> on input line 73.
LaTeX Font Info:    External font `xccex10' loaded for size
(Font)              <7> on input line 73.

<fig/cover.jpg, id=30, 401.5pt x 317.185pt>
File: fig/cover.jpg Graphic file (type jpg)
 <use fig/cover.jpg>
Package pdftex.def Info: fig/cover.jpg used on input line 73.
(pdftex.def)             Requested size: 100.37474pt x 79.29605pt.

Overfull \vbox (33.71358pt too high) detected at line 73
 []

[1

{C:/ProgramData/MiKTeX/2.9/pdftex/config/pdftex.map} <C:/Users/PKY/SkyDrive/Sha
rda University/Proposal/Workshop/WS Presentation/Presentation 2/fig/logo.jpg> <
C:/Users/PKY/SkyDrive/Sharda University/Proposal/Workshop/WS Presentation/Prese
ntation 2/fig/cover.jpg>]
LaTeX Font Info:    External font `xccex10' loaded for size
(Font)              <5> on input line 147.
File: fig/logo.jpg Graphic file (type jpg)
 <use fig/logo.jpg>
Package pdftex.def Info: fig/logo.jpg used on input line 147.
(pdftex.def)             Requested size: 42.67488pt x 11.94896pt.
LaTeX Font Info:    Try loading font information for TS1+cmss on input line 147
.

("C:\Program Files\MiKTeX 2.9\tex\latex\base\ts1cmss.fd"
File: ts1cmss.fd 1999/05/25 v2.5h Standard LaTeX font definitions
)

LaTeX Font Warning: Font shape `TS1/cmss/m/n' in size <4> not available
(Font)              size <5> substituted on input line 147.

LaTeX Font Info:    Calculating math sizes for size <4> on input line 147.

LaTeX Font Warning: Font shape `OT1/cmss/m/n' in size <4> not available
(Font)              size <5> substituted on input line 147.


LaTeX Font Warning: Font shape `OT1/cmss/m/n' in size <2.79999> not available
(Font)              size <5> substituted on input line 147.


LaTeX Font Warning: Font shape `OT1/cmss/m/n' in size <2> not available
(Font)              size <5> substituted on input line 147.


LaTeX Font Warning: Font shape `OML/ccm/m/it' in size <4> not available
(Font)              size <5> substituted on input line 147.


LaTeX Font Warning: Font shape `OML/ccm/m/it' in size <2.79999> not available
(Font)              size <5> substituted on input line 147.


LaTeX Font Warning: Font shape `OML/ccm/m/it' in size <2> not available
(Font)              size <5> substituted on input line 147.


LaTeX Font Warning: Font shape `OMS/ccsy/m/n' in size <4> not available
(Font)              size <5> substituted on input line 147.


LaTeX Font Warning: Font shape `OMS/ccsy/m/n' in size <2.79999> not available
(Font)              size <5> substituted on input line 147.


LaTeX Font Warning: Font shape `OMS/ccsy/m/n' in size <2> not available
(Font)              size <5> substituted on input line 147.

LaTeX Font Info:    External font `xccex10' loaded for size
(Font)              <4> on input line 147.
LaTeX Font Info:    External font `xccex10' loaded for size
(Font)              <2.79999> on input line 147.
LaTeX Font Info:    External font `xccex10' loaded for size
(Font)              <2> on input line 147.

LaTeX Font Warning: Font shape `T1/cmss/bx/n' in size <4> not available
(Font)              size <5> substituted on input line 147.


LaTeX Font Warning: Font shape `T1/cmss/bx/n' in size <2.79999> not available
(Font)              size <5> substituted on input line 147.


LaTeX Font Warning: Font shape `T1/cmss/bx/n' in size <2> not available
(Font)              size <5> substituted on input line 147.


LaTeX Font Warning: Font shape `T1/cmss/m/n' in size <2.79999> not available
(Font)              size <5> substituted on input line 147.


LaTeX Font Warning: Font shape `T1/cmss/m/n' in size <2> not available
(Font)              size <5> substituted on input line 147.


LaTeX Font Warning: Font shape `T1/cmtt/m/n' in size <4> not available
(Font)              size <5> substituted on input line 147.


LaTeX Font Warning: Font shape `T1/cmtt/m/n' in size <2.79999> not available
(Font)              size <5> substituted on input line 147.


LaTeX Font Warning: Font shape `T1/cmtt/m/n' in size <2> not available
(Font)              size <5> substituted on input line 147.


LaTeX Font Warning: Font shape `OT1/mathkerncmss/m/sl' in size <4> not availabl
e
(Font)              size <5> substituted on input line 147.


LaTeX Font Warning: Font shape `OT1/mathkerncmss/m/sl' in size <2.79999> not av
ailable
(Font)              size <5> substituted on input line 147.


LaTeX Font Warning: Font shape `OT1/mathkerncmss/m/sl' in size <2> not availabl
e
(Font)              size <5> substituted on input line 147.

[2

]
("C:\Users\PKY\SkyDrive\Sharda University\Proposal\Workshop\WS Presentation\Pre
sentation 2\pres2.vrb")
File: fig/logo.jpg Graphic file (type jpg)
 <use fig/logo.jpg>
Package pdftex.def Info: fig/logo.jpg used on input line 183.
(pdftex.def)             Requested size: 42.67488pt x 11.94896pt.
 [3

]
("C:\Users\PKY\SkyDrive\Sharda University\Proposal\Workshop\WS Presentation\Pre
sentation 2\pres2.vrb"
Overfull \hbox (8.53589pt too wide) in paragraph at lines 25--31
[]$[]$ 
 []

)
File: fig/logo.jpg Graphic file (type jpg)
 <use fig/logo.jpg>
Package pdftex.def Info: fig/logo.jpg used on input line 219.
(pdftex.def)             Requested size: 42.67488pt x 11.94896pt.
 [4

]
("C:\Users\PKY\SkyDrive\Sharda University\Proposal\Workshop\WS Presentation\Pre
sentation 2\pres2.vrb"
LaTeX Font Info:    Try loading font information for T1+ccr on input line 5.
 ("C:\Program Files\MiKTeX 2.9\tex\latex\ccfonts\t1ccr.fd"
File: t1ccr.fd 1999/11/22 v1.0a (WaS)
))
File: fig/logo.jpg Graphic file (type jpg)
 <use fig/logo.jpg>
Package pdftex.def Info: fig/logo.jpg used on input line 266.
(pdftex.def)             Requested size: 42.67488pt x 11.94896pt.
 [5

]
("C:\Users\PKY\SkyDrive\Sharda University\Proposal\Workshop\WS Presentation\Pre
sentation 2\pres2.vrb")
File: fig/logo.jpg Graphic file (type jpg)
 <use fig/logo.jpg>
Package pdftex.def Info: fig/logo.jpg used on input line 312.
(pdftex.def)             Requested size: 42.67488pt x 11.94896pt.
 [6

]
("C:\Users\PKY\SkyDrive\Sharda University\Proposal\Workshop\WS Presentation\Pre
sentation 2\pres2.vrb")
File: fig/logo.jpg Graphic file (type jpg)
 <use fig/logo.jpg>
Package pdftex.def Info: fig/logo.jpg used on input line 354.
(pdftex.def)             Requested size: 42.67488pt x 11.94896pt.
 [7

]
("C:\Users\PKY\SkyDrive\Sharda University\Proposal\Workshop\WS Presentation\Pre
sentation 2\pres2.vrb")
File: fig/logo.jpg Graphic file (type jpg)
 <use fig/logo.jpg>
Package pdftex.def Info: fig/logo.jpg used on input line 401.
(pdftex.def)             Requested size: 42.67488pt x 11.94896pt.
 [8

]
("C:\Users\PKY\SkyDrive\Sharda University\Proposal\Workshop\WS Presentation\Pre
sentation 2\pres2.vrb")
File: fig/logo.jpg Graphic file (type jpg)
 <use fig/logo.jpg>
Package pdftex.def Info: fig/logo.jpg used on input line 437.
(pdftex.def)             Requested size: 42.67488pt x 11.94896pt.
 [9

]
("C:\Users\PKY\SkyDrive\Sharda University\Proposal\Workshop\WS Presentation\Pre
sentation 2\pres2.vrb")
File: fig/logo.jpg Graphic file (type jpg)
 <use fig/logo.jpg>
Package pdftex.def Info: fig/logo.jpg used on input line 482.
(pdftex.def)             Requested size: 42.67488pt x 11.94896pt.
 [10

]
("C:\Users\PKY\SkyDrive\Sharda University\Proposal\Workshop\WS Presentation\Pre
sentation 2\pres2.vrb")
File: fig/logo.jpg Graphic file (type jpg)
 <use fig/logo.jpg>
Package pdftex.def Info: fig/logo.jpg used on input line 515.
(pdftex.def)             Requested size: 42.67488pt x 11.94896pt.
 [11

]
("C:\Users\PKY\SkyDrive\Sharda University\Proposal\Workshop\WS Presentation\Pre
sentation 2\pres2.vrb")
File: fig/logo.jpg Graphic file (type jpg)
 <use fig/logo.jpg>
Package pdftex.def Info: fig/logo.jpg used on input line 552.
(pdftex.def)             Requested size: 42.67488pt x 11.94896pt.
 [12

]
("C:\Users\PKY\SkyDrive\Sharda University\Proposal\Workshop\WS Presentation\Pre
sentation 2\pres2.vrb")
File: fig/logo.jpg Graphic file (type jpg)
 <use fig/logo.jpg>
Package pdftex.def Info: fig/logo.jpg used on input line 583.
(pdftex.def)             Requested size: 42.67488pt x 11.94896pt.
 [13

]
("C:\Users\PKY\SkyDrive\Sharda University\Proposal\Workshop\WS Presentation\Pre
sentation 2\pres2.vrb")
File: fig/logo.jpg Graphic file (type jpg)
 <use fig/logo.jpg>
Package pdftex.def Info: fig/logo.jpg used on input line 599.
(pdftex.def)             Requested size: 42.67488pt x 11.94896pt.
 [14

]
("C:\Users\PKY\SkyDrive\Sharda University\Proposal\Workshop\WS Presentation\Pre
sentation 2\pres2.vrb"
File: fig/logo.jpg Graphic file (type jpg)
 <use fig/logo.jpg>
Package pdftex.def Info: fig/logo.jpg used on input line 11.
(pdftex.def)             Requested size: 85.31723pt x 23.88881pt.
File: fig/logo.jpg Graphic file (type jpg)
 <use fig/logo.jpg>
Package pdftex.def Info: fig/logo.jpg used on input line 20.
(pdftex.def)             Requested size: 85.31723pt x 23.88881pt.
File: fig/logo.jpg Graphic file (type jpg)

<use fig/logo.jpg>
Package pdftex.def Info: fig/logo.jpg used on input line 31.
(pdftex.def)             Requested size: 142.26378pt x 39.83475pt.
)
File: fig/logo.jpg Graphic file (type jpg)
 <use fig/logo.jpg>
Package pdftex.def Info: fig/logo.jpg used on input line 635.
(pdftex.def)             Requested size: 42.67488pt x 11.94896pt.
 [15

]
File: fig/logo.jpg Graphic file (type jpg)
 <use fig/logo.jpg>
Package pdftex.def Info: fig/logo.jpg used on input line 654.
(pdftex.def)             Requested size: 42.67488pt x 11.94896pt.
 [16

]
LaTeX Font Info:    External font `xccex10' loaded for size
(Font)              <24.88> on input line 666.
LaTeX Font Info:    External font `xccex10' loaded for size
(Font)              <20.74> on input line 666.
LaTeX Font Info:    External font `xccex10' loaded for size
(Font)              <17.28> on input line 666.
File: fig/logo.jpg Graphic file (type jpg)

<use fig/logo.jpg>
Package pdftex.def Info: fig/logo.jpg used on input line 666.
(pdftex.def)             Requested size: 42.67488pt x 11.94896pt.
 [17

]
\tf@nav=\write8
\tf@toc=\write9
\tf@snm=\write10
Package atveryend Info: Empty hook `BeforeClearDocument' on input line 670.
Package atveryend Info: Empty hook `AfterLastShipout' on input line 670.

("C:\Users\PKY\SkyDrive\Sharda University\Proposal\Workshop\WS Presentation\Pre
sentation 2\pres2.aux")
Package atveryend Info: Executing hook `AtVeryEndDocument' on input line 670.
Package atveryend Info: Executing hook `AtEndAfterFileList' on input line 670.
Package rerunfilecheck Info: File `pres2.out' has not changed.
(rerunfilecheck)             Checksum: 8441CAF1E7BA372083D0B4B8DC42B11A;200.


LaTeX Font Warning: Size substitutions with differences
(Font)              up to 3.0pt have occurred.

Package atveryend Info: Empty hook `AtVeryVeryEnd' on input line 670.
 ) 
Here is how much of TeX's memory you used:
 30660 strings out of 494045
 608511 string characters out of 3148393
 678532 words of memory out of 3000000
 33196 multiletter control sequences out of 15000+200000
 44644 words of font info for 117 fonts, out of 3000000 for 9000
 715 hyphenation exceptions out of 8191
 55i,20n,60p,944b,947s stack positions out of 5000i,500n,10000p,200000b,50000s
{C:/Program Files/MiKTeX 2.9/fonts/enc/dvips/cm-super/cm-super-t1.enc} <C:\Us
ers\PKY\AppData\Local\MiKTeX\2.9\fonts\pk\ljfour\public\concmath\dpi1493\xccmi1
0.pk> <C:\Users\PKY\AppData\Local\MiKTeX\2.9\fonts\pk\ljfour\public\concmath\dp
i600\xccex10.pk> <C:\Users\PKY\AppData\Local\MiKTeX\2.9\fonts\pk\ljfour\public\
concmath\dpi657\xccsy10.pk> <C:\Users\PKY\AppData\Local\MiKTeX\2.9\fonts\pk\ljf
our\public\concmath\dpi657\xccmi10.pk>{C:/Program Files/MiKTeX 2.9/fonts/enc/dv
ips/cm-super/cm-super-ts1.enc} <C:\Users\PKY\AppData\Local\MiKTeX\2.9\fonts\pk\
ljfour\public\concmath\dpi600\xccsy10.pk><C:/Program Files/MiKTeX 2.9/fonts/typ
e1/public/amsfonts/cm/cmss10.pfb><C:/Program Files/MiKTeX 2.9/fonts/type1/publi
c/amsfonts/cm/cmssi10.pfb><C:/Program Files/MiKTeX 2.9/fonts/type1/public/amsfo
nts/symbols/msam10.pfb><C:/Program Files/MiKTeX 2.9/fonts/type1/public/amsfonts
/symbols/msam7.pfb><C:/Program Files/MiKTeX 2.9/fonts/type1/public/cm-super/sfo
rm10.pfb><C:/Program Files/MiKTeX 2.9/fonts/type1/public/cm-super/sfss0500.pfb>
<C:/Program Files/MiKTeX 2.9/fonts/type1/public/cm-super/sfss0700.pfb><C:/Progr
am Files/MiKTeX 2.9/fonts/type1/public/cm-super/sfss0800.pfb><C:/Program Files/
MiKTeX 2.9/fonts/type1/public/cm-super/sfss0900.pfb><C:/Program Files/MiKTeX 2.
9/fonts/type1/public/cm-super/sfss1000.pfb><C:/Program Files/MiKTeX 2.9/fonts/t
ype1/public/cm-super/sfss1095.pfb><C:/Program Files/MiKTeX 2.9/fonts/type1/publ
ic/cm-super/sfsx0800.pfb><C:/Program Files/MiKTeX 2.9/fonts/type1/public/cm-sup
er/sfsx1000.pfb><C:/Program Files/MiKTeX 2.9/fonts/type1/public/cm-super/sfsx10
95.pfb><C:/Program Files/MiKTeX 2.9/fonts/type1/public/cm-super/sfsx1440.pfb><C
:/Program Files/MiKTeX 2.9/fonts/type1/public/cm-super/sfsx2074.pfb><C:/Program
 Files/MiKTeX 2.9/fonts/type1/public/cm-super/sfsx2488.pfb><C:/Program Files/Mi
KTeX 2.9/fonts/type1/public/cm-super/sftt0800.pfb><C:/Program Files/MiKTeX 2.9/
fonts/type1/public/cm-super/sftt1000.pfb><C:/Program Files/MiKTeX 2.9/fonts/typ
e1/public/cm-super/sftt1095.pfb>
Output written on pres2.pdf (17 pages, 397673 bytes).
PDF statistics:
 270 PDF objects out of 1000 (max. 8388607)
 39 named destinations out of 1000 (max. 500000)
 85 words of extra memory for PDF output out of 10000 (max. 10000000)

